{"/Users/mangosetsuna/Workspace/Busymango/utils/src/array.ts": {"path":"/Users/mangosetsuna/Workspace/Busymango/utils/src/array.ts","all":false,"statementMap":{"0":{"start":{"line":1,"column":0},"end":{"line":1,"column":72}},"1":{"start":{"line":2,"column":0},"end":{"line":2,"column":0}},"2":{"start":{"line":3,"column":0},"end":{"line":3,"column":34}},"3":{"start":{"line":4,"column":0},"end":{"line":4,"column":64}},"4":{"start":{"line":5,"column":0},"end":{"line":5,"column":0}},"5":{"start":{"line":6,"column":0},"end":{"line":6,"column":3}},"6":{"start":{"line":7,"column":0},"end":{"line":7,"column":79}},"7":{"start":{"line":8,"column":0},"end":{"line":8,"column":46}},"8":{"start":{"line":9,"column":0},"end":{"line":9,"column":47}},"9":{"start":{"line":10,"column":0},"end":{"line":10,"column":3}},"10":{"start":{"line":11,"column":0},"end":{"line":11,"column":71}},"11":{"start":{"line":12,"column":0},"end":{"line":12,"column":39}},"12":{"start":{"line":13,"column":0},"end":{"line":13,"column":1}},"13":{"start":{"line":14,"column":0},"end":{"line":14,"column":0}},"14":{"start":{"line":15,"column":0},"end":{"line":15,"column":3}},"15":{"start":{"line":16,"column":0},"end":{"line":16,"column":52}},"16":{"start":{"line":17,"column":0},"end":{"line":17,"column":3}},"17":{"start":{"line":18,"column":0},"end":{"line":18,"column":68}},"18":{"start":{"line":19,"column":0},"end":{"line":19,"column":21}},"19":{"start":{"line":20,"column":0},"end":{"line":20,"column":1}},"20":{"start":{"line":21,"column":0},"end":{"line":21,"column":0}},"21":{"start":{"line":22,"column":0},"end":{"line":22,"column":3}},"22":{"start":{"line":23,"column":0},"end":{"line":23,"column":75}},"23":{"start":{"line":24,"column":0},"end":{"line":24,"column":35}},"24":{"start":{"line":25,"column":0},"end":{"line":25,"column":77}},"25":{"start":{"line":26,"column":0},"end":{"line":26,"column":3}},"26":{"start":{"line":27,"column":0},"end":{"line":27,"column":67}},"27":{"start":{"line":28,"column":0},"end":{"line":28,"column":34}},"28":{"start":{"line":29,"column":0},"end":{"line":29,"column":43}},"29":{"start":{"line":30,"column":0},"end":{"line":30,"column":1}},"30":{"start":{"line":31,"column":0},"end":{"line":31,"column":0}},"31":{"start":{"line":32,"column":0},"end":{"line":32,"column":3}},"32":{"start":{"line":33,"column":0},"end":{"line":33,"column":75}},"33":{"start":{"line":34,"column":0},"end":{"line":34,"column":35}},"34":{"start":{"line":35,"column":0},"end":{"line":35,"column":72}},"35":{"start":{"line":36,"column":0},"end":{"line":36,"column":53}},"36":{"start":{"line":37,"column":0},"end":{"line":37,"column":3}},"37":{"start":{"line":38,"column":0},"end":{"line":38,"column":35}},"38":{"start":{"line":39,"column":0},"end":{"line":39,"column":19}},"39":{"start":{"line":40,"column":0},"end":{"line":40,"column":43}},"40":{"start":{"line":41,"column":0},"end":{"line":41,"column":3}},"41":{"start":{"line":42,"column":0},"end":{"line":42,"column":22}},"42":{"start":{"line":43,"column":0},"end":{"line":43,"column":34}},"43":{"start":{"line":44,"column":0},"end":{"line":44,"column":63}},"44":{"start":{"line":45,"column":0},"end":{"line":45,"column":39}},"45":{"start":{"line":46,"column":0},"end":{"line":46,"column":3}},"46":{"start":{"line":47,"column":0},"end":{"line":47,"column":13}},"47":{"start":{"line":48,"column":0},"end":{"line":48,"column":1}},"48":{"start":{"line":49,"column":0},"end":{"line":49,"column":0}},"49":{"start":{"line":50,"column":0},"end":{"line":50,"column":3}},"50":{"start":{"line":51,"column":0},"end":{"line":51,"column":75}},"51":{"start":{"line":52,"column":0},"end":{"line":52,"column":35}},"52":{"start":{"line":53,"column":0},"end":{"line":53,"column":87}},"53":{"start":{"line":54,"column":0},"end":{"line":54,"column":96}},"54":{"start":{"line":55,"column":0},"end":{"line":55,"column":3}},"55":{"start":{"line":56,"column":0},"end":{"line":56,"column":38}},"56":{"start":{"line":57,"column":0},"end":{"line":57,"column":19}},"57":{"start":{"line":58,"column":0},"end":{"line":58,"column":62}},"58":{"start":{"line":59,"column":0},"end":{"line":59,"column":12}},"59":{"start":{"line":60,"column":0},"end":{"line":60,"column":42}},"60":{"start":{"line":61,"column":0},"end":{"line":61,"column":1}},"61":{"start":{"line":62,"column":0},"end":{"line":62,"column":0}},"62":{"start":{"line":63,"column":0},"end":{"line":63,"column":3}},"63":{"start":{"line":64,"column":0},"end":{"line":64,"column":81}},"64":{"start":{"line":65,"column":0},"end":{"line":65,"column":34}},"65":{"start":{"line":66,"column":0},"end":{"line":66,"column":53}},"66":{"start":{"line":67,"column":0},"end":{"line":67,"column":102}},"67":{"start":{"line":68,"column":0},"end":{"line":68,"column":46}},"68":{"start":{"line":69,"column":0},"end":{"line":69,"column":107}},"69":{"start":{"line":70,"column":0},"end":{"line":70,"column":3}},"70":{"start":{"line":71,"column":0},"end":{"line":71,"column":30}},"71":{"start":{"line":72,"column":0},"end":{"line":72,"column":14}},"72":{"start":{"line":73,"column":0},"end":{"line":73,"column":14}},"73":{"start":{"line":74,"column":0},"end":{"line":74,"column":53}},"74":{"start":{"line":75,"column":0},"end":{"line":75,"column":9}},"75":{"start":{"line":76,"column":0},"end":{"line":76,"column":8}},"76":{"start":{"line":77,"column":0},"end":{"line":77,"column":62}},"77":{"start":{"line":78,"column":0},"end":{"line":78,"column":78}},"78":{"start":{"line":79,"column":0},"end":{"line":79,"column":0}},"79":{"start":{"line":80,"column":0},"end":{"line":80,"column":3}},"80":{"start":{"line":81,"column":0},"end":{"line":81,"column":37}},"81":{"start":{"line":82,"column":0},"end":{"line":82,"column":46}},"82":{"start":{"line":83,"column":0},"end":{"line":83,"column":62}},"83":{"start":{"line":84,"column":0},"end":{"line":84,"column":3}},"84":{"start":{"line":85,"column":0},"end":{"line":85,"column":61}},"85":{"start":{"line":86,"column":0},"end":{"line":86,"column":76}},"86":{"start":{"line":87,"column":0},"end":{"line":87,"column":26}},"87":{"start":{"line":88,"column":0},"end":{"line":88,"column":44}},"88":{"start":{"line":89,"column":0},"end":{"line":89,"column":44}},"89":{"start":{"line":90,"column":0},"end":{"line":90,"column":58}},"90":{"start":{"line":91,"column":0},"end":{"line":91,"column":50}},"91":{"start":{"line":92,"column":0},"end":{"line":92,"column":43}},"92":{"start":{"line":93,"column":0},"end":{"line":93,"column":40}},"93":{"start":{"line":94,"column":0},"end":{"line":94,"column":3}},"94":{"start":{"line":95,"column":0},"end":{"line":95,"column":30}},"95":{"start":{"line":96,"column":0},"end":{"line":96,"column":13}},"96":{"start":{"line":97,"column":0},"end":{"line":97,"column":1}},"97":{"start":{"line":98,"column":0},"end":{"line":98,"column":0}},"98":{"start":{"line":99,"column":0},"end":{"line":99,"column":3}},"99":{"start":{"line":100,"column":0},"end":{"line":100,"column":53}},"100":{"start":{"line":101,"column":0},"end":{"line":101,"column":35}},"101":{"start":{"line":102,"column":0},"end":{"line":102,"column":50}},"102":{"start":{"line":103,"column":0},"end":{"line":103,"column":56}},"103":{"start":{"line":104,"column":0},"end":{"line":104,"column":3}},"104":{"start":{"line":105,"column":0},"end":{"line":105,"column":78}},"105":{"start":{"line":106,"column":0},"end":{"line":106,"column":50}},"106":{"start":{"line":107,"column":0},"end":{"line":107,"column":30}},"107":{"start":{"line":108,"column":0},"end":{"line":108,"column":94}},"108":{"start":{"line":109,"column":0},"end":{"line":109,"column":40}},"109":{"start":{"line":110,"column":0},"end":{"line":110,"column":1}},"110":{"start":{"line":111,"column":0},"end":{"line":111,"column":0}},"111":{"start":{"line":112,"column":0},"end":{"line":112,"column":3}},"112":{"start":{"line":113,"column":0},"end":{"line":113,"column":118}},"113":{"start":{"line":114,"column":0},"end":{"line":114,"column":42}},"114":{"start":{"line":115,"column":0},"end":{"line":115,"column":31}},"115":{"start":{"line":116,"column":0},"end":{"line":116,"column":3}},"116":{"start":{"line":117,"column":0},"end":{"line":117,"column":52}},"117":{"start":{"line":118,"column":0},"end":{"line":118,"column":49}},"118":{"start":{"line":119,"column":0},"end":{"line":119,"column":55}},"119":{"start":{"line":120,"column":0},"end":{"line":120,"column":0}},"120":{"start":{"line":121,"column":0},"end":{"line":121,"column":109}},"121":{"start":{"line":122,"column":0},"end":{"line":122,"column":50}},"122":{"start":{"line":123,"column":0},"end":{"line":123,"column":50}},"123":{"start":{"line":124,"column":0},"end":{"line":124,"column":4}},"124":{"start":{"line":125,"column":0},"end":{"line":125,"column":1}},"125":{"start":{"line":126,"column":0},"end":{"line":126,"column":0}},"126":{"start":{"line":127,"column":0},"end":{"line":127,"column":3}},"127":{"start":{"line":128,"column":0},"end":{"line":128,"column":70}},"128":{"start":{"line":129,"column":0},"end":{"line":129,"column":2}},"129":{"start":{"line":130,"column":0},"end":{"line":130,"column":71}},"130":{"start":{"line":131,"column":0},"end":{"line":131,"column":107}},"131":{"start":{"line":132,"column":0},"end":{"line":132,"column":133}},"132":{"start":{"line":133,"column":0},"end":{"line":133,"column":76}},"133":{"start":{"line":134,"column":0},"end":{"line":134,"column":2}},"134":{"start":{"line":135,"column":0},"end":{"line":135,"column":94}},"135":{"start":{"line":136,"column":0},"end":{"line":136,"column":94}},"136":{"start":{"line":137,"column":0},"end":{"line":137,"column":2}},"137":{"start":{"line":138,"column":0},"end":{"line":138,"column":11}},"138":{"start":{"line":139,"column":0},"end":{"line":139,"column":16}},"139":{"start":{"line":140,"column":0},"end":{"line":140,"column":73}},"140":{"start":{"line":141,"column":0},"end":{"line":141,"column":86}},"141":{"start":{"line":142,"column":0},"end":{"line":142,"column":62}},"142":{"start":{"line":143,"column":0},"end":{"line":143,"column":6}},"143":{"start":{"line":144,"column":0},"end":{"line":144,"column":3}},"144":{"start":{"line":145,"column":0},"end":{"line":145,"column":66}},"145":{"start":{"line":146,"column":0},"end":{"line":146,"column":23}},"146":{"start":{"line":147,"column":0},"end":{"line":147,"column":28}},"147":{"start":{"line":148,"column":0},"end":{"line":148,"column":30}},"148":{"start":{"line":149,"column":0},"end":{"line":149,"column":17}},"149":{"start":{"line":150,"column":0},"end":{"line":150,"column":23}},"150":{"start":{"line":151,"column":0},"end":{"line":151,"column":17}},"151":{"start":{"line":152,"column":0},"end":{"line":152,"column":19}},"152":{"start":{"line":153,"column":0},"end":{"line":153,"column":64}},"153":{"start":{"line":154,"column":0},"end":{"line":154,"column":25}},"154":{"start":{"line":155,"column":0},"end":{"line":155,"column":22}},"155":{"start":{"line":156,"column":0},"end":{"line":156,"column":4}},"156":{"start":{"line":157,"column":0},"end":{"line":157,"column":1}},"157":{"start":{"line":158,"column":0},"end":{"line":158,"column":0}},"158":{"start":{"line":159,"column":0},"end":{"line":159,"column":3}},"159":{"start":{"line":160,"column":0},"end":{"line":160,"column":84}},"160":{"start":{"line":161,"column":0},"end":{"line":161,"column":37}},"161":{"start":{"line":162,"column":0},"end":{"line":162,"column":39}},"162":{"start":{"line":163,"column":0},"end":{"line":163,"column":108}},"163":{"start":{"line":164,"column":0},"end":{"line":164,"column":3}},"164":{"start":{"line":165,"column":0},"end":{"line":165,"column":26}},"165":{"start":{"line":166,"column":0},"end":{"line":166,"column":14}},"166":{"start":{"line":167,"column":0},"end":{"line":167,"column":44}},"167":{"start":{"line":168,"column":0},"end":{"line":168,"column":3}},"168":{"start":{"line":169,"column":0},"end":{"line":169,"column":62}},"169":{"start":{"line":170,"column":0},"end":{"line":170,"column":14}},"170":{"start":{"line":171,"column":0},"end":{"line":171,"column":77}},"171":{"start":{"line":172,"column":0},"end":{"line":172,"column":4}},"172":{"start":{"line":173,"column":0},"end":{"line":173,"column":1}},"173":{"start":{"line":174,"column":0},"end":{"line":174,"column":0}},"174":{"start":{"line":175,"column":0},"end":{"line":175,"column":3}},"175":{"start":{"line":176,"column":0},"end":{"line":176,"column":84}},"176":{"start":{"line":177,"column":0},"end":{"line":177,"column":84}},"177":{"start":{"line":178,"column":0},"end":{"line":178,"column":27}},"178":{"start":{"line":179,"column":0},"end":{"line":179,"column":3}},"179":{"start":{"line":180,"column":0},"end":{"line":180,"column":43}},"180":{"start":{"line":181,"column":0},"end":{"line":181,"column":22}},"181":{"start":{"line":182,"column":0},"end":{"line":182,"column":26}},"182":{"start":{"line":183,"column":0},"end":{"line":183,"column":33}},"183":{"start":{"line":184,"column":0},"end":{"line":184,"column":22}},"184":{"start":{"line":185,"column":0},"end":{"line":185,"column":20}},"185":{"start":{"line":186,"column":0},"end":{"line":186,"column":31}},"186":{"start":{"line":187,"column":0},"end":{"line":187,"column":35}},"187":{"start":{"line":188,"column":0},"end":{"line":188,"column":26}},"188":{"start":{"line":189,"column":0},"end":{"line":189,"column":17}},"189":{"start":{"line":190,"column":0},"end":{"line":190,"column":6}},"190":{"start":{"line":191,"column":0},"end":{"line":191,"column":26}},"191":{"start":{"line":192,"column":0},"end":{"line":192,"column":4}},"192":{"start":{"line":193,"column":0},"end":{"line":193,"column":2}},"193":{"start":{"line":194,"column":0},"end":{"line":194,"column":0}},"194":{"start":{"line":195,"column":0},"end":{"line":195,"column":3}},"195":{"start":{"line":196,"column":0},"end":{"line":196,"column":45}},"196":{"start":{"line":197,"column":0},"end":{"line":197,"column":35}},"197":{"start":{"line":198,"column":0},"end":{"line":198,"column":3}},"198":{"start":{"line":199,"column":0},"end":{"line":199,"column":28}},"199":{"start":{"line":200,"column":0},"end":{"line":200,"column":23}},"200":{"start":{"line":201,"column":0},"end":{"line":201,"column":23}},"201":{"start":{"line":202,"column":0},"end":{"line":202,"column":48}},"202":{"start":{"line":203,"column":0},"end":{"line":203,"column":11}},"203":{"start":{"line":204,"column":0},"end":{"line":204,"column":47}},"204":{"start":{"line":205,"column":0},"end":{"line":205,"column":47}},"205":{"start":{"line":206,"column":0},"end":{"line":206,"column":31}},"206":{"start":{"line":207,"column":0},"end":{"line":207,"column":18}},"207":{"start":{"line":208,"column":0},"end":{"line":208,"column":13}},"208":{"start":{"line":209,"column":0},"end":{"line":209,"column":26}},"209":{"start":{"line":210,"column":0},"end":{"line":210,"column":7}},"210":{"start":{"line":211,"column":0},"end":{"line":211,"column":31}},"211":{"start":{"line":212,"column":0},"end":{"line":212,"column":4}},"212":{"start":{"line":213,"column":0},"end":{"line":213,"column":52}},"213":{"start":{"line":214,"column":0},"end":{"line":214,"column":2}}},"s":{"0":1,"1":1,"2":1,"3":1,"4":1,"5":1,"6":1,"7":1,"8":1,"9":1,"10":1,"11":3,"12":3,"13":1,"14":1,"15":1,"16":1,"17":1,"18":1,"19":1,"20":1,"21":1,"22":1,"23":1,"24":1,"25":1,"26":1,"27":4,"28":4,"29":4,"30":1,"31":1,"32":1,"33":1,"34":1,"35":1,"36":1,"37":1,"38":4,"39":4,"40":4,"41":4,"42":4,"43":14,"44":14,"45":14,"46":4,"47":4,"48":1,"49":1,"50":1,"51":1,"52":1,"53":1,"54":1,"55":1,"56":34,"57":34,"58":34,"59":34,"60":34,"61":1,"62":1,"63":1,"64":1,"65":1,"66":1,"67":1,"68":1,"69":1,"70":1,"71":7,"72":7,"73":7,"74":7,"75":7,"76":7,"77":7,"78":1,"79":1,"80":1,"81":1,"82":1,"83":1,"84":1,"85":6,"86":6,"87":6,"88":6,"89":24,"90":24,"91":24,"92":24,"93":24,"94":6,"95":6,"96":6,"97":1,"98":1,"99":1,"100":1,"101":1,"102":1,"103":1,"104":1,"105":3,"106":3,"107":2,"108":2,"109":2,"110":1,"111":1,"112":1,"113":1,"114":1,"115":1,"116":1,"117":7,"118":7,"119":7,"120":7,"121":7,"122":22,"123":7,"124":7,"125":1,"126":1,"127":1,"128":1,"129":1,"130":1,"131":1,"132":1,"133":1,"134":1,"135":1,"136":1,"137":1,"138":1,"139":1,"140":1,"141":1,"142":1,"143":1,"144":1,"145":2,"146":2,"147":2,"148":2,"149":2,"150":2,"151":4,"152":4,"153":4,"154":2,"155":2,"156":2,"157":1,"158":1,"159":1,"160":1,"161":1,"162":1,"163":1,"164":1,"165":1,"166":1,"167":1,"168":1,"169":1,"170":1,"171":1,"172":1,"173":1,"174":1,"175":1,"176":1,"177":1,"178":1,"179":1,"180":1,"181":1,"182":1,"183":1,"184":1,"185":5,"186":5,"187":5,"188":5,"189":5,"190":1,"191":1,"192":1,"193":1,"194":1,"195":1,"196":1,"197":1,"198":1,"199":4,"200":4,"201":4,"202":4,"203":4,"204":4,"205":2,"206":2,"207":6,"208":6,"209":6,"210":2,"211":2,"212":2,"213":2},"branchMap":{"0":{"type":"branch","line":11,"loc":{"start":{"line":11,"column":7},"end":{"line":13,"column":1}},"locations":[{"start":{"line":11,"column":7},"end":{"line":13,"column":1}}]},"1":{"type":"branch","line":18,"loc":{"start":{"line":18,"column":7},"end":{"line":20,"column":1}},"locations":[{"start":{"line":18,"column":7},"end":{"line":20,"column":1}}]},"2":{"type":"branch","line":27,"loc":{"start":{"line":27,"column":7},"end":{"line":30,"column":1}},"locations":[{"start":{"line":27,"column":7},"end":{"line":30,"column":1}}]},"3":{"type":"branch","line":28,"loc":{"start":{"line":28,"column":21},"end":{"line":28,"column":34}},"locations":[{"start":{"line":28,"column":21},"end":{"line":28,"column":34}}]},"4":{"type":"branch","line":29,"loc":{"start":{"line":29,"column":9},"end":{"line":29,"column":33}},"locations":[{"start":{"line":29,"column":9},"end":{"line":29,"column":33}}]},"5":{"type":"branch","line":29,"loc":{"start":{"line":29,"column":28},"end":{"line":29,"column":43}},"locations":[{"start":{"line":29,"column":28},"end":{"line":29,"column":43}}]},"6":{"type":"branch","line":38,"loc":{"start":{"line":38,"column":7},"end":{"line":48,"column":1}},"locations":[{"start":{"line":38,"column":7},"end":{"line":48,"column":1}}]},"7":{"type":"branch","line":43,"loc":{"start":{"line":43,"column":33},"end":{"line":46,"column":3}},"locations":[{"start":{"line":43,"column":33},"end":{"line":46,"column":3}}]},"8":{"type":"branch","line":45,"loc":{"start":{"line":45,"column":20},"end":{"line":45,"column":39}},"locations":[{"start":{"line":45,"column":20},"end":{"line":45,"column":39}}]},"9":{"type":"branch","line":44,"loc":{"start":{"line":44,"column":25},"end":{"line":44,"column":61}},"locations":[{"start":{"line":44,"column":25},"end":{"line":44,"column":61}}]},"10":{"type":"branch","line":56,"loc":{"start":{"line":56,"column":7},"end":{"line":61,"column":1}},"locations":[{"start":{"line":56,"column":7},"end":{"line":61,"column":1}}]},"11":{"type":"branch","line":71,"loc":{"start":{"line":71,"column":26},"end":{"line":78,"column":78}},"locations":[{"start":{"line":71,"column":26},"end":{"line":78,"column":78}}]},"12":{"type":"branch","line":77,"loc":{"start":{"line":77,"column":12},"end":{"line":77,"column":61}},"locations":[{"start":{"line":77,"column":12},"end":{"line":77,"column":61}}]},"13":{"type":"branch","line":77,"loc":{"start":{"line":77,"column":37},"end":{"line":77,"column":60}},"locations":[{"start":{"line":77,"column":37},"end":{"line":77,"column":60}}]},"14":{"type":"branch","line":78,"loc":{"start":{"line":78,"column":26},"end":{"line":78,"column":75}},"locations":[{"start":{"line":78,"column":26},"end":{"line":78,"column":75}}]},"15":{"type":"branch","line":78,"loc":{"start":{"line":78,"column":51},"end":{"line":78,"column":74}},"locations":[{"start":{"line":78,"column":51},"end":{"line":78,"column":74}}]},"16":{"type":"branch","line":85,"loc":{"start":{"line":85,"column":7},"end":{"line":97,"column":1}},"locations":[{"start":{"line":85,"column":7},"end":{"line":97,"column":1}}]},"17":{"type":"branch","line":89,"loc":{"start":{"line":89,"column":43},"end":{"line":94,"column":3}},"locations":[{"start":{"line":89,"column":43},"end":{"line":94,"column":3}}]},"18":{"type":"branch","line":105,"loc":{"start":{"line":105,"column":7},"end":{"line":110,"column":1}},"locations":[{"start":{"line":105,"column":7},"end":{"line":110,"column":1}}]},"19":{"type":"branch","line":107,"loc":{"start":{"line":107,"column":20},"end":{"line":107,"column":30}},"locations":[{"start":{"line":107,"column":20},"end":{"line":107,"column":30}}]},"20":{"type":"branch","line":107,"loc":{"start":{"line":107,"column":28},"end":{"line":110,"column":1}},"locations":[{"start":{"line":107,"column":28},"end":{"line":110,"column":1}}]},"21":{"type":"branch","line":117,"loc":{"start":{"line":117,"column":7},"end":{"line":125,"column":1}},"locations":[{"start":{"line":117,"column":7},"end":{"line":125,"column":1}}]},"22":{"type":"branch","line":119,"loc":{"start":{"line":119,"column":37},"end":{"line":119,"column":52}},"locations":[{"start":{"line":119,"column":37},"end":{"line":119,"column":52}}]},"23":{"type":"branch","line":122,"loc":{"start":{"line":122,"column":41},"end":{"line":123,"column":50}},"locations":[{"start":{"line":122,"column":41},"end":{"line":123,"column":50}}]},"24":{"type":"branch","line":123,"loc":{"start":{"line":123,"column":15},"end":{"line":123,"column":26}},"locations":[{"start":{"line":123,"column":15},"end":{"line":123,"column":26}}]},"25":{"type":"branch","line":145,"loc":{"start":{"line":145,"column":7},"end":{"line":157,"column":1}},"locations":[{"start":{"line":145,"column":7},"end":{"line":157,"column":1}}]},"26":{"type":"branch","line":151,"loc":{"start":{"line":151,"column":4},"end":{"line":154,"column":25}},"locations":[{"start":{"line":151,"column":4},"end":{"line":154,"column":25}}]},"27":{"type":"branch","line":153,"loc":{"start":{"line":153,"column":23},"end":{"line":153,"column":43}},"locations":[{"start":{"line":153,"column":23},"end":{"line":153,"column":43}}]},"28":{"type":"branch","line":153,"loc":{"start":{"line":153,"column":37},"end":{"line":153,"column":64}},"locations":[{"start":{"line":153,"column":37},"end":{"line":153,"column":64}}]},"29":{"type":"branch","line":165,"loc":{"start":{"line":165,"column":7},"end":{"line":173,"column":1}},"locations":[{"start":{"line":165,"column":7},"end":{"line":173,"column":1}}]},"30":{"type":"branch","line":171,"loc":{"start":{"line":171,"column":4},"end":{"line":171,"column":77}},"locations":[{"start":{"line":171,"column":4},"end":{"line":171,"column":77}}]},"31":{"type":"branch","line":171,"loc":{"start":{"line":171,"column":32},"end":{"line":171,"column":50}},"locations":[{"start":{"line":171,"column":32},"end":{"line":171,"column":50}}]},"32":{"type":"branch","line":171,"loc":{"start":{"line":171,"column":63},"end":{"line":171,"column":77}},"locations":[{"start":{"line":171,"column":63},"end":{"line":171,"column":77}}]},"33":{"type":"branch","line":180,"loc":{"start":{"line":180,"column":21},"end":{"line":193,"column":2}},"locations":[{"start":{"line":180,"column":21},"end":{"line":193,"column":2}}]},"34":{"type":"branch","line":185,"loc":{"start":{"line":185,"column":4},"end":{"line":190,"column":6}},"locations":[{"start":{"line":185,"column":4},"end":{"line":190,"column":6}}]},"35":{"type":"branch","line":187,"loc":{"start":{"line":187,"column":21},"end":{"line":187,"column":35}},"locations":[{"start":{"line":187,"column":21},"end":{"line":187,"column":35}}]},"36":{"type":"branch","line":199,"loc":{"start":{"line":199,"column":24},"end":{"line":214,"column":2}},"locations":[{"start":{"line":199,"column":24},"end":{"line":214,"column":2}}]},"37":{"type":"branch","line":204,"loc":{"start":{"line":204,"column":28},"end":{"line":204,"column":47}},"locations":[{"start":{"line":204,"column":28},"end":{"line":204,"column":47}}]},"38":{"type":"branch","line":204,"loc":{"start":{"line":204,"column":45},"end":{"line":205,"column":35}},"locations":[{"start":{"line":204,"column":45},"end":{"line":205,"column":35}}]},"39":{"type":"branch","line":205,"loc":{"start":{"line":205,"column":28},"end":{"line":205,"column":47}},"locations":[{"start":{"line":205,"column":28},"end":{"line":205,"column":47}}]},"40":{"type":"branch","line":205,"loc":{"start":{"line":205,"column":45},"end":{"line":214,"column":2}},"locations":[{"start":{"line":205,"column":45},"end":{"line":214,"column":2}}]},"41":{"type":"branch","line":202,"loc":{"start":{"line":202,"column":29},"end":{"line":202,"column":48}},"locations":[{"start":{"line":202,"column":29},"end":{"line":202,"column":48}}]},"42":{"type":"branch","line":207,"loc":{"start":{"line":207,"column":4},"end":{"line":210,"column":7}},"locations":[{"start":{"line":207,"column":4},"end":{"line":210,"column":7}}]},"43":{"type":"branch","line":213,"loc":{"start":{"line":213,"column":23},"end":{"line":213,"column":50}},"locations":[{"start":{"line":213,"column":23},"end":{"line":213,"column":50}}]}},"b":{"0":[3],"1":[1],"2":[4],"3":[1],"4":[3],"5":[2],"6":[4],"7":[14],"8":[9],"9":[17],"10":[34],"11":[7],"12":[15],"13":[27],"14":[15],"15":[36],"16":[6],"17":[24],"18":[3],"19":[1],"20":[2],"21":[7],"22":[16],"23":[22],"24":[51],"25":[2],"26":[4],"27":[2],"28":[2],"29":[1],"30":[7],"31":[2],"32":[4],"33":[1],"34":[5],"35":[3],"36":[4],"37":[1],"38":[3],"39":[1],"40":[2],"41":[6],"42":[6],"43":[6]},"fnMap":{"0":{"name":"compact","decl":{"start":{"line":11,"column":7},"end":{"line":13,"column":1}},"loc":{"start":{"line":11,"column":7},"end":{"line":13,"column":1}},"line":11},"1":{"name":"theFirst","decl":{"start":{"line":18,"column":7},"end":{"line":20,"column":1}},"loc":{"start":{"line":18,"column":7},"end":{"line":20,"column":1}},"line":18},"2":{"name":"theLast","decl":{"start":{"line":27,"column":7},"end":{"line":30,"column":1}},"loc":{"start":{"line":27,"column":7},"end":{"line":30,"column":1}},"line":27},"3":{"name":"dedup","decl":{"start":{"line":38,"column":7},"end":{"line":48,"column":1}},"loc":{"start":{"line":38,"column":7},"end":{"line":48,"column":1}},"line":38},"4":{"name":"includes","decl":{"start":{"line":56,"column":7},"end":{"line":61,"column":1}},"loc":{"start":{"line":56,"column":7},"end":{"line":61,"column":1}},"line":56},"5":{"name":"difference","decl":{"start":{"line":71,"column":26},"end":{"line":78,"column":78}},"loc":{"start":{"line":71,"column":26},"end":{"line":78,"column":78}},"line":71},"6":{"name":"shuffle","decl":{"start":{"line":85,"column":7},"end":{"line":97,"column":1}},"loc":{"start":{"line":85,"column":7},"end":{"line":97,"column":1}},"line":85},"7":{"name":"sample","decl":{"start":{"line":105,"column":7},"end":{"line":110,"column":1}},"loc":{"start":{"line":105,"column":7},"end":{"line":110,"column":1}},"line":105},"8":{"name":"zip","decl":{"start":{"line":117,"column":7},"end":{"line":125,"column":1}},"loc":{"start":{"line":117,"column":7},"end":{"line":125,"column":1}},"line":117},"9":{"name":"keyBy","decl":{"start":{"line":145,"column":7},"end":{"line":157,"column":1}},"loc":{"start":{"line":145,"column":7},"end":{"line":157,"column":1}},"line":145},"10":{"name":"sortBy","decl":{"start":{"line":165,"column":7},"end":{"line":173,"column":1}},"loc":{"start":{"line":165,"column":7},"end":{"line":173,"column":1}},"line":165},"11":{"name":"group","decl":{"start":{"line":180,"column":21},"end":{"line":193,"column":2}},"loc":{"start":{"line":180,"column":21},"end":{"line":193,"column":2}},"line":180},"12":{"name":"contrast","decl":{"start":{"line":199,"column":24},"end":{"line":214,"column":2}},"loc":{"start":{"line":199,"column":24},"end":{"line":214,"column":2}},"line":199},"13":{"name":"identity","decl":{"start":{"line":202,"column":29},"end":{"line":202,"column":48}},"loc":{"start":{"line":202,"column":29},"end":{"line":202,"column":48}},"line":202}},"f":{"0":3,"1":1,"2":4,"3":4,"4":34,"5":7,"6":6,"7":3,"8":7,"9":2,"10":1,"11":1,"12":4,"13":6}}
,"/Users/mangosetsuna/Workspace/Busymango/utils/src/async.ts": {"path":"/Users/mangosetsuna/Workspace/Busymango/utils/src/async.ts","all":false,"statementMap":{"0":{"start":{"line":1,"column":0},"end":{"line":1,"column":3}},"1":{"start":{"line":2,"column":0},"end":{"line":2,"column":13}},"2":{"start":{"line":3,"column":0},"end":{"line":3,"column":3}},"3":{"start":{"line":4,"column":0},"end":{"line":4,"column":77}}},"s":{"0":2,"1":2,"2":2,"3":2},"branchMap":{"0":{"type":"branch","line":4,"loc":{"start":{"line":4,"column":21},"end":{"line":4,"column":77}},"locations":[{"start":{"line":4,"column":21},"end":{"line":4,"column":77}}]},"1":{"type":"branch","line":4,"loc":{"start":{"line":4,"column":48},"end":{"line":4,"column":75}},"locations":[{"start":{"line":4,"column":48},"end":{"line":4,"column":75}}]}},"b":{"0":[7],"1":[7]},"fnMap":{"0":{"name":"sleep","decl":{"start":{"line":4,"column":21},"end":{"line":4,"column":77}},"loc":{"start":{"line":4,"column":21},"end":{"line":4,"column":77}},"line":4}},"f":{"0":7}}
,"/Users/mangosetsuna/Workspace/Busymango/utils/src/buffer.ts": {"path":"/Users/mangosetsuna/Workspace/Busymango/utils/src/buffer.ts","all":false,"statementMap":{"0":{"start":{"line":1,"column":0},"end":{"line":1,"column":3}},"1":{"start":{"line":2,"column":0},"end":{"line":2,"column":66}},"2":{"start":{"line":3,"column":0},"end":{"line":3,"column":44}},"3":{"start":{"line":4,"column":0},"end":{"line":4,"column":75}},"4":{"start":{"line":5,"column":0},"end":{"line":5,"column":3}},"5":{"start":{"line":6,"column":0},"end":{"line":6,"column":49}},"6":{"start":{"line":7,"column":0},"end":{"line":7,"column":50}},"7":{"start":{"line":8,"column":0},"end":{"line":8,"column":69}},"8":{"start":{"line":9,"column":0},"end":{"line":9,"column":22}},"9":{"start":{"line":10,"column":0},"end":{"line":10,"column":1}}},"s":{"0":1,"1":1,"2":1,"3":1,"4":1,"5":1,"6":4,"7":4,"8":4,"9":4},"branchMap":{"0":{"type":"branch","line":6,"loc":{"start":{"line":6,"column":7},"end":{"line":10,"column":1}},"locations":[{"start":{"line":6,"column":7},"end":{"line":10,"column":1}}]},"1":{"type":"branch","line":8,"loc":{"start":{"line":8,"column":23},"end":{"line":8,"column":67}},"locations":[{"start":{"line":8,"column":23},"end":{"line":8,"column":67}}]}},"b":{"0":[4],"1":[7]},"fnMap":{"0":{"name":"buffer2hex","decl":{"start":{"line":6,"column":7},"end":{"line":10,"column":1}},"loc":{"start":{"line":6,"column":7},"end":{"line":10,"column":1}},"line":6}},"f":{"0":4}}
,"/Users/mangosetsuna/Workspace/Busymango/utils/src/func.ts": {"path":"/Users/mangosetsuna/Workspace/Busymango/utils/src/func.ts","all":false,"statementMap":{"0":{"start":{"line":1,"column":0},"end":{"line":1,"column":47}},"1":{"start":{"line":2,"column":0},"end":{"line":2,"column":0}},"2":{"start":{"line":3,"column":0},"end":{"line":3,"column":50}},"3":{"start":{"line":4,"column":0},"end":{"line":4,"column":11}},"4":{"start":{"line":5,"column":0},"end":{"line":5,"column":16}},"5":{"start":{"line":6,"column":0},"end":{"line":6,"column":2}},"6":{"start":{"line":7,"column":0},"end":{"line":7,"column":0}},"7":{"start":{"line":8,"column":0},"end":{"line":8,"column":26}},"8":{"start":{"line":9,"column":0},"end":{"line":9,"column":86}},"9":{"start":{"line":10,"column":0},"end":{"line":10,"column":20}},"10":{"start":{"line":11,"column":0},"end":{"line":11,"column":87}},"11":{"start":{"line":12,"column":0},"end":{"line":12,"column":21}},"12":{"start":{"line":13,"column":0},"end":{"line":13,"column":2}},"13":{"start":{"line":14,"column":0},"end":{"line":14,"column":0}},"14":{"start":{"line":15,"column":0},"end":{"line":15,"column":3}},"15":{"start":{"line":16,"column":0},"end":{"line":16,"column":129}},"16":{"start":{"line":17,"column":0},"end":{"line":17,"column":3}},"17":{"start":{"line":18,"column":0},"end":{"line":18,"column":80}},"18":{"start":{"line":19,"column":0},"end":{"line":19,"column":47}},"19":{"start":{"line":20,"column":0},"end":{"line":20,"column":0}},"20":{"start":{"line":21,"column":0},"end":{"line":21,"column":24}},"21":{"start":{"line":22,"column":0},"end":{"line":22,"column":32}},"22":{"start":{"line":23,"column":0},"end":{"line":23,"column":4}},"23":{"start":{"line":24,"column":0},"end":{"line":24,"column":0}},"24":{"start":{"line":25,"column":0},"end":{"line":25,"column":23}},"25":{"start":{"line":26,"column":0},"end":{"line":26,"column":13}},"26":{"start":{"line":27,"column":0},"end":{"line":27,"column":20}},"27":{"start":{"line":28,"column":0},"end":{"line":28,"column":4}},"28":{"start":{"line":29,"column":0},"end":{"line":29,"column":0}},"29":{"start":{"line":30,"column":0},"end":{"line":30,"column":64}},"30":{"start":{"line":31,"column":0},"end":{"line":31,"column":13}},"31":{"start":{"line":32,"column":0},"end":{"line":32,"column":49}},"32":{"start":{"line":33,"column":0},"end":{"line":33,"column":51}},"33":{"start":{"line":34,"column":0},"end":{"line":34,"column":3}},"34":{"start":{"line":35,"column":0},"end":{"line":35,"column":0}},"35":{"start":{"line":36,"column":0},"end":{"line":36,"column":59}},"36":{"start":{"line":37,"column":0},"end":{"line":37,"column":2}}},"s":{"0":1,"1":1,"2":1,"3":1,"4":1,"5":1,"6":1,"7":1,"8":1,"9":1,"10":1,"11":1,"12":1,"13":1,"14":1,"15":1,"16":1,"17":1,"18":3,"19":3,"20":3,"21":16,"22":16,"23":3,"24":3,"25":2,"26":2,"27":2,"28":3,"29":3,"30":14,"31":14,"32":14,"33":14,"34":3,"35":3,"36":3},"branchMap":{"0":{"type":"branch","line":18,"loc":{"start":{"line":18,"column":24},"end":{"line":37,"column":2}},"locations":[{"start":{"line":18,"column":24},"end":{"line":37,"column":2}}]},"1":{"type":"branch","line":21,"loc":{"start":{"line":21,"column":17},"end":{"line":23,"column":4}},"locations":[{"start":{"line":21,"column":17},"end":{"line":23,"column":4}}]},"2":{"type":"branch","line":25,"loc":{"start":{"line":25,"column":16},"end":{"line":28,"column":4}},"locations":[{"start":{"line":25,"column":16},"end":{"line":28,"column":4}}]},"3":{"type":"branch","line":30,"loc":{"start":{"line":30,"column":2},"end":{"line":34,"column":3}},"locations":[{"start":{"line":30,"column":2},"end":{"line":34,"column":3}}]}},"b":{"0":[3],"1":[16],"2":[2],"3":[14]},"fnMap":{"0":{"name":"debounce","decl":{"start":{"line":18,"column":24},"end":{"line":37,"column":2}},"loc":{"start":{"line":18,"column":24},"end":{"line":37,"column":2}},"line":18},"1":{"name":"cancel","decl":{"start":{"line":21,"column":17},"end":{"line":23,"column":4}},"loc":{"start":{"line":21,"column":17},"end":{"line":23,"column":4}},"line":21},"2":{"name":"flush","decl":{"start":{"line":25,"column":16},"end":{"line":28,"column":4}},"loc":{"start":{"line":25,"column":16},"end":{"line":28,"column":4}},"line":25},"3":{"name":"starer","decl":{"start":{"line":30,"column":2},"end":{"line":34,"column":3}},"loc":{"start":{"line":30,"column":2},"end":{"line":34,"column":3}},"line":30}},"f":{"0":3,"1":16,"2":2,"3":14}}
,"/Users/mangosetsuna/Workspace/Busymango/utils/src/logic.ts": {"path":"/Users/mangosetsuna/Workspace/Busymango/utils/src/logic.ts","all":false,"statementMap":{"0":{"start":{"line":1,"column":0},"end":{"line":1,"column":8}},"1":{"start":{"line":2,"column":0},"end":{"line":2,"column":10}},"2":{"start":{"line":3,"column":0},"end":{"line":3,"column":9}},"3":{"start":{"line":4,"column":0},"end":{"line":4,"column":13}},"4":{"start":{"line":5,"column":0},"end":{"line":5,"column":18}},"5":{"start":{"line":6,"column":0},"end":{"line":6,"column":11}},"6":{"start":{"line":7,"column":0},"end":{"line":7,"column":11}},"7":{"start":{"line":8,"column":0},"end":{"line":8,"column":27}},"8":{"start":{"line":9,"column":0},"end":{"line":9,"column":0}},"9":{"start":{"line":10,"column":0},"end":{"line":10,"column":3}},"10":{"start":{"line":11,"column":0},"end":{"line":11,"column":74}},"11":{"start":{"line":12,"column":0},"end":{"line":12,"column":36}},"12":{"start":{"line":13,"column":0},"end":{"line":13,"column":59}},"13":{"start":{"line":14,"column":0},"end":{"line":14,"column":72}},"14":{"start":{"line":15,"column":0},"end":{"line":15,"column":3}},"15":{"start":{"line":16,"column":0},"end":{"line":16,"column":79}},"16":{"start":{"line":17,"column":0},"end":{"line":17,"column":60}},"17":{"start":{"line":18,"column":0},"end":{"line":18,"column":1}},"18":{"start":{"line":19,"column":0},"end":{"line":19,"column":0}},"19":{"start":{"line":20,"column":0},"end":{"line":20,"column":3}},"20":{"start":{"line":21,"column":0},"end":{"line":21,"column":75}},"21":{"start":{"line":22,"column":0},"end":{"line":22,"column":36}},"22":{"start":{"line":23,"column":0},"end":{"line":23,"column":59}},"23":{"start":{"line":24,"column":0},"end":{"line":24,"column":73}},"24":{"start":{"line":25,"column":0},"end":{"line":25,"column":3}},"25":{"start":{"line":26,"column":0},"end":{"line":26,"column":78}},"26":{"start":{"line":27,"column":0},"end":{"line":27,"column":32}},"27":{"start":{"line":28,"column":0},"end":{"line":28,"column":1}},"28":{"start":{"line":29,"column":0},"end":{"line":29,"column":0}},"29":{"start":{"line":30,"column":0},"end":{"line":30,"column":3}},"30":{"start":{"line":31,"column":0},"end":{"line":31,"column":97}},"31":{"start":{"line":32,"column":0},"end":{"line":32,"column":36}},"32":{"start":{"line":33,"column":0},"end":{"line":33,"column":65}},"33":{"start":{"line":34,"column":0},"end":{"line":34,"column":94}},"34":{"start":{"line":35,"column":0},"end":{"line":35,"column":3}},"35":{"start":{"line":36,"column":0},"end":{"line":36,"column":56}},"36":{"start":{"line":37,"column":0},"end":{"line":37,"column":20}},"37":{"start":{"line":38,"column":0},"end":{"line":38,"column":17}},"38":{"start":{"line":39,"column":0},"end":{"line":39,"column":3}},"39":{"start":{"line":40,"column":0},"end":{"line":40,"column":51}},"40":{"start":{"line":41,"column":0},"end":{"line":41,"column":56}},"41":{"start":{"line":42,"column":0},"end":{"line":42,"column":1}},"42":{"start":{"line":43,"column":0},"end":{"line":43,"column":0}},"43":{"start":{"line":44,"column":0},"end":{"line":44,"column":3}},"44":{"start":{"line":45,"column":0},"end":{"line":45,"column":36}},"45":{"start":{"line":46,"column":0},"end":{"line":46,"column":33}},"46":{"start":{"line":47,"column":0},"end":{"line":47,"column":34}},"47":{"start":{"line":48,"column":0},"end":{"line":48,"column":62}},"48":{"start":{"line":49,"column":0},"end":{"line":49,"column":3}},"49":{"start":{"line":50,"column":0},"end":{"line":50,"column":62}},"50":{"start":{"line":51,"column":0},"end":{"line":51,"column":124}},"51":{"start":{"line":52,"column":0},"end":{"line":52,"column":37}},"52":{"start":{"line":53,"column":0},"end":{"line":53,"column":0}},"53":{"start":{"line":54,"column":0},"end":{"line":54,"column":54}},"54":{"start":{"line":55,"column":0},"end":{"line":55,"column":152}},"55":{"start":{"line":56,"column":0},"end":{"line":56,"column":62}},"56":{"start":{"line":57,"column":0},"end":{"line":57,"column":18}},"57":{"start":{"line":58,"column":0},"end":{"line":58,"column":12}},"58":{"start":{"line":59,"column":0},"end":{"line":59,"column":40}},"59":{"start":{"line":60,"column":0},"end":{"line":60,"column":5}},"60":{"start":{"line":61,"column":0},"end":{"line":61,"column":17}},"61":{"start":{"line":62,"column":0},"end":{"line":62,"column":4}},"62":{"start":{"line":63,"column":0},"end":{"line":63,"column":0}},"63":{"start":{"line":64,"column":0},"end":{"line":64,"column":57}},"64":{"start":{"line":65,"column":0},"end":{"line":65,"column":24}},"65":{"start":{"line":66,"column":0},"end":{"line":66,"column":51}},"66":{"start":{"line":67,"column":0},"end":{"line":67,"column":50}},"67":{"start":{"line":68,"column":0},"end":{"line":68,"column":44}},"68":{"start":{"line":69,"column":0},"end":{"line":69,"column":5}},"69":{"start":{"line":70,"column":0},"end":{"line":70,"column":0}},"70":{"start":{"line":71,"column":0},"end":{"line":71,"column":25}},"71":{"start":{"line":72,"column":0},"end":{"line":72,"column":47}},"72":{"start":{"line":73,"column":0},"end":{"line":73,"column":0}},"73":{"start":{"line":74,"column":0},"end":{"line":74,"column":21}},"74":{"start":{"line":75,"column":0},"end":{"line":75,"column":45}},"75":{"start":{"line":76,"column":0},"end":{"line":76,"column":50}},"76":{"start":{"line":77,"column":0},"end":{"line":77,"column":56}},"77":{"start":{"line":78,"column":0},"end":{"line":78,"column":71}},"78":{"start":{"line":79,"column":0},"end":{"line":79,"column":5}},"79":{"start":{"line":80,"column":0},"end":{"line":80,"column":0}},"80":{"start":{"line":81,"column":0},"end":{"line":81,"column":47}},"81":{"start":{"line":82,"column":0},"end":{"line":82,"column":50}},"82":{"start":{"line":83,"column":0},"end":{"line":83,"column":0}},"83":{"start":{"line":84,"column":0},"end":{"line":84,"column":24}},"84":{"start":{"line":85,"column":0},"end":{"line":85,"column":49}},"85":{"start":{"line":86,"column":0},"end":{"line":86,"column":61}},"86":{"start":{"line":87,"column":0},"end":{"line":87,"column":7}},"87":{"start":{"line":88,"column":0},"end":{"line":88,"column":0}},"88":{"start":{"line":89,"column":0},"end":{"line":89,"column":22}},"89":{"start":{"line":90,"column":0},"end":{"line":90,"column":45}},"90":{"start":{"line":91,"column":0},"end":{"line":91,"column":59}},"91":{"start":{"line":92,"column":0},"end":{"line":92,"column":7}},"92":{"start":{"line":93,"column":0},"end":{"line":93,"column":0}},"93":{"start":{"line":94,"column":0},"end":{"line":94,"column":64}},"94":{"start":{"line":95,"column":0},"end":{"line":95,"column":64}},"95":{"start":{"line":96,"column":0},"end":{"line":96,"column":0}},"96":{"start":{"line":97,"column":0},"end":{"line":97,"column":64}},"97":{"start":{"line":98,"column":0},"end":{"line":98,"column":47}},"98":{"start":{"line":99,"column":0},"end":{"line":99,"column":0}},"99":{"start":{"line":100,"column":0},"end":{"line":100,"column":38}},"100":{"start":{"line":101,"column":0},"end":{"line":101,"column":42}},"101":{"start":{"line":102,"column":0},"end":{"line":102,"column":45}},"102":{"start":{"line":103,"column":0},"end":{"line":103,"column":23}},"103":{"start":{"line":104,"column":0},"end":{"line":104,"column":9}},"104":{"start":{"line":105,"column":0},"end":{"line":105,"column":59}},"105":{"start":{"line":106,"column":0},"end":{"line":106,"column":23}},"106":{"start":{"line":107,"column":0},"end":{"line":107,"column":9}},"107":{"start":{"line":108,"column":0},"end":{"line":108,"column":7}},"108":{"start":{"line":109,"column":0},"end":{"line":109,"column":18}},"109":{"start":{"line":110,"column":0},"end":{"line":110,"column":5}},"110":{"start":{"line":111,"column":0},"end":{"line":111,"column":17}},"111":{"start":{"line":112,"column":0},"end":{"line":112,"column":4}},"112":{"start":{"line":113,"column":0},"end":{"line":113,"column":0}},"113":{"start":{"line":114,"column":0},"end":{"line":114,"column":33}},"114":{"start":{"line":115,"column":0},"end":{"line":115,"column":2}}},"s":{"0":1,"1":1,"2":1,"3":1,"4":1,"5":1,"6":1,"7":1,"8":1,"9":1,"10":1,"11":1,"12":1,"13":1,"14":1,"15":1,"16":8,"17":8,"18":1,"19":1,"20":1,"21":1,"22":1,"23":1,"24":1,"25":1,"26":5,"27":5,"28":1,"29":1,"30":1,"31":1,"32":1,"33":1,"34":1,"35":1,"36":4,"37":4,"38":4,"39":4,"40":4,"41":4,"42":1,"43":1,"44":1,"45":1,"46":1,"47":1,"48":1,"49":1,"50":41,"51":41,"52":41,"53":41,"54":54,"55":54,"56":6,"57":54,"58":48,"59":48,"60":48,"61":54,"62":41,"63":41,"64":154,"65":154,"66":5,"67":3,"68":5,"69":149,"70":149,"71":154,"72":64,"73":64,"74":154,"75":24,"76":24,"77":19,"78":19,"79":40,"80":154,"81":25,"82":24,"83":24,"84":25,"85":3,"86":3,"87":21,"88":21,"89":25,"90":3,"91":3,"92":18,"93":18,"94":18,"95":18,"96":25,"97":25,"98":14,"99":14,"100":25,"101":72,"102":1,"103":1,"104":72,"105":5,"106":5,"107":72,"108":8,"109":8,"110":15,"111":154,"112":41,"113":41,"114":41},"branchMap":{"0":{"type":"branch","line":16,"loc":{"start":{"line":16,"column":7},"end":{"line":18,"column":1}},"locations":[{"start":{"line":16,"column":7},"end":{"line":18,"column":1}}]},"1":{"type":"branch","line":17,"loc":{"start":{"line":17,"column":31},"end":{"line":17,"column":60}},"locations":[{"start":{"line":17,"column":31},"end":{"line":17,"column":60}}]},"2":{"type":"branch","line":26,"loc":{"start":{"line":26,"column":7},"end":{"line":28,"column":1}},"locations":[{"start":{"line":26,"column":7},"end":{"line":28,"column":1}}]},"3":{"type":"branch","line":36,"loc":{"start":{"line":36,"column":7},"end":{"line":42,"column":1}},"locations":[{"start":{"line":36,"column":7},"end":{"line":42,"column":1}}]},"4":{"type":"branch","line":41,"loc":{"start":{"line":41,"column":21},"end":{"line":41,"column":43}},"locations":[{"start":{"line":41,"column":21},"end":{"line":41,"column":43}}]},"5":{"type":"branch","line":41,"loc":{"start":{"line":41,"column":29},"end":{"line":41,"column":56}},"locations":[{"start":{"line":41,"column":29},"end":{"line":41,"column":56}}]},"6":{"type":"branch","line":50,"loc":{"start":{"line":50,"column":23},"end":{"line":115,"column":2}},"locations":[{"start":{"line":50,"column":23},"end":{"line":115,"column":2}}]},"7":{"type":"branch","line":54,"loc":{"start":{"line":54,"column":21},"end":{"line":62,"column":4}},"locations":[{"start":{"line":54,"column":21},"end":{"line":62,"column":4}}]},"8":{"type":"branch","line":56,"loc":{"start":{"line":56,"column":61},"end":{"line":58,"column":11}},"locations":[{"start":{"line":56,"column":61},"end":{"line":58,"column":11}}]},"9":{"type":"branch","line":58,"loc":{"start":{"line":58,"column":4},"end":{"line":61,"column":17}},"locations":[{"start":{"line":58,"column":4},"end":{"line":61,"column":17}}]},"10":{"type":"branch","line":56,"loc":{"start":{"line":56,"column":21},"end":{"line":56,"column":58}},"locations":[{"start":{"line":56,"column":21},"end":{"line":56,"column":58}}]},"11":{"type":"branch","line":56,"loc":{"start":{"line":56,"column":41},"end":{"line":56,"column":58}},"locations":[{"start":{"line":56,"column":41},"end":{"line":56,"column":58}}]},"12":{"type":"branch","line":64,"loc":{"start":{"line":64,"column":18},"end":{"line":112,"column":4}},"locations":[{"start":{"line":64,"column":18},"end":{"line":112,"column":4}}]},"13":{"type":"branch","line":66,"loc":{"start":{"line":66,"column":25},"end":{"line":66,"column":50}},"locations":[{"start":{"line":66,"column":25},"end":{"line":66,"column":50}}]},"14":{"type":"branch","line":66,"loc":{"start":{"line":66,"column":50},"end":{"line":69,"column":5}},"locations":[{"start":{"line":66,"column":50},"end":{"line":69,"column":5}}]},"15":{"type":"branch","line":67,"loc":{"start":{"line":67,"column":38},"end":{"line":67,"column":50}},"locations":[{"start":{"line":67,"column":38},"end":{"line":67,"column":50}}]},"16":{"type":"branch","line":67,"loc":{"start":{"line":67,"column":45},"end":{"line":68,"column":44}},"locations":[{"start":{"line":67,"column":45},"end":{"line":68,"column":44}}]},"17":{"type":"branch","line":69,"loc":{"start":{"line":69,"column":4},"end":{"line":72,"column":42}},"locations":[{"start":{"line":69,"column":4},"end":{"line":72,"column":42}}]},"18":{"type":"branch","line":72,"loc":{"start":{"line":72,"column":35},"end":{"line":72,"column":47}},"locations":[{"start":{"line":72,"column":35},"end":{"line":72,"column":47}}]},"19":{"type":"branch","line":72,"loc":{"start":{"line":72,"column":42},"end":{"line":75,"column":27}},"locations":[{"start":{"line":72,"column":42},"end":{"line":75,"column":27}}]},"20":{"type":"branch","line":75,"loc":{"start":{"line":75,"column":22},"end":{"line":75,"column":44}},"locations":[{"start":{"line":75,"column":22},"end":{"line":75,"column":44}}]},"21":{"type":"branch","line":75,"loc":{"start":{"line":75,"column":44},"end":{"line":79,"column":5}},"locations":[{"start":{"line":75,"column":44},"end":{"line":79,"column":5}}]},"22":{"type":"branch","line":76,"loc":{"start":{"line":76,"column":38},"end":{"line":76,"column":50}},"locations":[{"start":{"line":76,"column":38},"end":{"line":76,"column":50}}]},"23":{"type":"branch","line":76,"loc":{"start":{"line":76,"column":45},"end":{"line":77,"column":50}},"locations":[{"start":{"line":76,"column":45},"end":{"line":77,"column":50}}]},"24":{"type":"branch","line":77,"loc":{"start":{"line":77,"column":43},"end":{"line":77,"column":56}},"locations":[{"start":{"line":77,"column":43},"end":{"line":77,"column":56}}]},"25":{"type":"branch","line":77,"loc":{"start":{"line":77,"column":50},"end":{"line":79,"column":5}},"locations":[{"start":{"line":77,"column":50},"end":{"line":79,"column":5}}]},"26":{"type":"branch","line":79,"loc":{"start":{"line":79,"column":4},"end":{"line":81,"column":28}},"locations":[{"start":{"line":79,"column":4},"end":{"line":81,"column":28}}]},"27":{"type":"branch","line":81,"loc":{"start":{"line":81,"column":23},"end":{"line":81,"column":46}},"locations":[{"start":{"line":81,"column":23},"end":{"line":81,"column":46}}]},"28":{"type":"branch","line":81,"loc":{"start":{"line":81,"column":46},"end":{"line":110,"column":5}},"locations":[{"start":{"line":81,"column":46},"end":{"line":110,"column":5}}]},"29":{"type":"branch","line":82,"loc":{"start":{"line":82,"column":38},"end":{"line":82,"column":50}},"locations":[{"start":{"line":82,"column":38},"end":{"line":82,"column":50}}]},"30":{"type":"branch","line":82,"loc":{"start":{"line":82,"column":45},"end":{"line":85,"column":30}},"locations":[{"start":{"line":82,"column":45},"end":{"line":85,"column":30}}]},"31":{"type":"branch","line":85,"loc":{"start":{"line":85,"column":25},"end":{"line":85,"column":48}},"locations":[{"start":{"line":85,"column":25},"end":{"line":85,"column":48}}]},"32":{"type":"branch","line":85,"loc":{"start":{"line":85,"column":48},"end":{"line":87,"column":7}},"locations":[{"start":{"line":85,"column":48},"end":{"line":87,"column":7}}]},"33":{"type":"branch","line":87,"loc":{"start":{"line":87,"column":6},"end":{"line":90,"column":28}},"locations":[{"start":{"line":87,"column":6},"end":{"line":90,"column":28}}]},"34":{"type":"branch","line":90,"loc":{"start":{"line":90,"column":23},"end":{"line":90,"column":44}},"locations":[{"start":{"line":90,"column":23},"end":{"line":90,"column":44}}]},"35":{"type":"branch","line":90,"loc":{"start":{"line":90,"column":44},"end":{"line":92,"column":7}},"locations":[{"start":{"line":90,"column":44},"end":{"line":92,"column":7}}]},"36":{"type":"branch","line":92,"loc":{"start":{"line":92,"column":6},"end":{"line":97,"column":58}},"locations":[{"start":{"line":92,"column":6},"end":{"line":97,"column":58}}]},"37":{"type":"branch","line":97,"loc":{"start":{"line":97,"column":51},"end":{"line":97,"column":64}},"locations":[{"start":{"line":97,"column":51},"end":{"line":97,"column":64}}]},"38":{"type":"branch","line":97,"loc":{"start":{"line":97,"column":58},"end":{"line":98,"column":42}},"locations":[{"start":{"line":97,"column":58},"end":{"line":98,"column":42}}]},"39":{"type":"branch","line":98,"loc":{"start":{"line":98,"column":35},"end":{"line":98,"column":47}},"locations":[{"start":{"line":98,"column":35},"end":{"line":98,"column":47}}]},"40":{"type":"branch","line":98,"loc":{"start":{"line":98,"column":42},"end":{"line":101,"column":41}},"locations":[{"start":{"line":98,"column":42},"end":{"line":101,"column":41}}]},"41":{"type":"branch","line":101,"loc":{"start":{"line":101,"column":41},"end":{"line":108,"column":7}},"locations":[{"start":{"line":101,"column":41},"end":{"line":108,"column":7}}]},"42":{"type":"branch","line":102,"loc":{"start":{"line":102,"column":44},"end":{"line":104,"column":9}},"locations":[{"start":{"line":102,"column":44},"end":{"line":104,"column":9}}]},"43":{"type":"branch","line":104,"loc":{"start":{"line":104,"column":8},"end":{"line":105,"column":58}},"locations":[{"start":{"line":104,"column":8},"end":{"line":105,"column":58}}]},"44":{"type":"branch","line":105,"loc":{"start":{"line":105,"column":58},"end":{"line":107,"column":9}},"locations":[{"start":{"line":105,"column":58},"end":{"line":107,"column":9}}]},"45":{"type":"branch","line":108,"loc":{"start":{"line":108,"column":6},"end":{"line":110,"column":5}},"locations":[{"start":{"line":108,"column":6},"end":{"line":110,"column":5}}]},"46":{"type":"branch","line":110,"loc":{"start":{"line":110,"column":4},"end":{"line":111,"column":17}},"locations":[{"start":{"line":110,"column":4},"end":{"line":111,"column":17}}]},"47":{"type":"branch","line":78,"loc":{"start":{"line":78,"column":26},"end":{"line":78,"column":69}},"locations":[{"start":{"line":78,"column":26},"end":{"line":78,"column":69}}]}},"b":{"0":[8],"1":[7],"2":[5],"3":[4],"4":[2],"5":[2],"6":[41],"7":[54],"8":[6],"9":[48],"10":[38],"11":[10],"12":[154],"13":[5],"14":[5],"15":[2],"16":[3],"17":[149],"18":[85],"19":[64],"20":[25],"21":[24],"22":[3],"23":[21],"24":[2],"25":[19],"26":[40],"27":[25],"28":[25],"29":[1],"30":[24],"31":[3],"32":[3],"33":[21],"34":[3],"35":[3],"36":[18],"37":[3],"38":[15],"39":[1],"40":[14],"41":[72],"42":[1],"43":[71],"44":[5],"45":[8],"46":[15],"47":[36]},"fnMap":{"0":{"name":"and","decl":{"start":{"line":16,"column":7},"end":{"line":18,"column":1}},"loc":{"start":{"line":16,"column":7},"end":{"line":18,"column":1}},"line":16},"1":{"name":"or","decl":{"start":{"line":26,"column":7},"end":{"line":28,"column":1}},"loc":{"start":{"line":26,"column":7},"end":{"line":28,"column":1}},"line":26},"2":{"name":"ifnot","decl":{"start":{"line":36,"column":7},"end":{"line":42,"column":1}},"loc":{"start":{"line":36,"column":7},"end":{"line":42,"column":1}},"line":36},"3":{"name":"isEqual","decl":{"start":{"line":50,"column":23},"end":{"line":115,"column":2}},"loc":{"start":{"line":50,"column":23},"end":{"line":115,"column":2}},"line":50},"4":{"name":"preventing","decl":{"start":{"line":54,"column":21},"end":{"line":62,"column":4}},"loc":{"start":{"line":54,"column":21},"end":{"line":62,"column":4}},"line":54},"5":{"name":"compare","decl":{"start":{"line":64,"column":18},"end":{"line":112,"column":4}},"loc":{"start":{"line":64,"column":18},"end":{"line":112,"column":4}},"line":64}},"f":{"0":8,"1":5,"2":4,"3":41,"4":54,"5":154}}
,"/Users/mangosetsuna/Workspace/Busymango/utils/src/object.ts": {"path":"/Users/mangosetsuna/Workspace/Busymango/utils/src/object.ts","all":false,"statementMap":{"0":{"start":{"line":1,"column":0},"end":{"line":1,"column":65}},"1":{"start":{"line":2,"column":0},"end":{"line":2,"column":0}},"2":{"start":{"line":3,"column":0},"end":{"line":3,"column":50}},"3":{"start":{"line":4,"column":0},"end":{"line":4,"column":0}},"4":{"start":{"line":5,"column":0},"end":{"line":5,"column":3}},"5":{"start":{"line":6,"column":0},"end":{"line":6,"column":63}},"6":{"start":{"line":7,"column":0},"end":{"line":7,"column":51}},"7":{"start":{"line":8,"column":0},"end":{"line":8,"column":35}},"8":{"start":{"line":9,"column":0},"end":{"line":9,"column":3}},"9":{"start":{"line":10,"column":0},"end":{"line":10,"column":65}},"10":{"start":{"line":11,"column":0},"end":{"line":11,"column":43}},"11":{"start":{"line":12,"column":0},"end":{"line":12,"column":1}},"12":{"start":{"line":13,"column":0},"end":{"line":13,"column":0}},"13":{"start":{"line":14,"column":0},"end":{"line":14,"column":51}},"14":{"start":{"line":15,"column":0},"end":{"line":15,"column":49}},"15":{"start":{"line":16,"column":0},"end":{"line":16,"column":50}},"16":{"start":{"line":17,"column":0},"end":{"line":17,"column":1}},"17":{"start":{"line":18,"column":0},"end":{"line":18,"column":0}},"18":{"start":{"line":19,"column":0},"end":{"line":19,"column":3}},"19":{"start":{"line":20,"column":0},"end":{"line":20,"column":69}},"20":{"start":{"line":21,"column":0},"end":{"line":21,"column":45}},"21":{"start":{"line":22,"column":0},"end":{"line":22,"column":59}},"22":{"start":{"line":23,"column":0},"end":{"line":23,"column":81}},"23":{"start":{"line":24,"column":0},"end":{"line":24,"column":49}},"24":{"start":{"line":25,"column":0},"end":{"line":25,"column":3}},"25":{"start":{"line":26,"column":0},"end":{"line":26,"column":50}},"26":{"start":{"line":27,"column":0},"end":{"line":27,"column":12}},"27":{"start":{"line":28,"column":0},"end":{"line":28,"column":29}},"28":{"start":{"line":29,"column":0},"end":{"line":29,"column":3}},"29":{"start":{"line":30,"column":0},"end":{"line":30,"column":26}},"30":{"start":{"line":31,"column":0},"end":{"line":31,"column":34}},"31":{"start":{"line":32,"column":0},"end":{"line":32,"column":0}},"32":{"start":{"line":33,"column":0},"end":{"line":33,"column":26}},"33":{"start":{"line":34,"column":0},"end":{"line":34,"column":34}},"34":{"start":{"line":35,"column":0},"end":{"line":35,"column":53}},"35":{"start":{"line":36,"column":0},"end":{"line":36,"column":3}},"36":{"start":{"line":37,"column":0},"end":{"line":37,"column":0}},"37":{"start":{"line":38,"column":0},"end":{"line":38,"column":13}},"38":{"start":{"line":39,"column":0},"end":{"line":39,"column":1}},"39":{"start":{"line":40,"column":0},"end":{"line":40,"column":0}},"40":{"start":{"line":41,"column":0},"end":{"line":41,"column":3}},"41":{"start":{"line":42,"column":0},"end":{"line":42,"column":43}},"42":{"start":{"line":43,"column":0},"end":{"line":43,"column":94}},"43":{"start":{"line":44,"column":0},"end":{"line":44,"column":85}},"44":{"start":{"line":45,"column":0},"end":{"line":45,"column":57}},"45":{"start":{"line":46,"column":0},"end":{"line":46,"column":76}},"46":{"start":{"line":47,"column":0},"end":{"line":47,"column":44}},"47":{"start":{"line":48,"column":0},"end":{"line":48,"column":3}},"48":{"start":{"line":49,"column":0},"end":{"line":49,"column":41}},"49":{"start":{"line":50,"column":0},"end":{"line":50,"column":12}},"50":{"start":{"line":51,"column":0},"end":{"line":51,"column":64}},"51":{"start":{"line":52,"column":0},"end":{"line":52,"column":76}},"52":{"start":{"line":53,"column":0},"end":{"line":53,"column":6}},"53":{"start":{"line":54,"column":0},"end":{"line":54,"column":68}},"54":{"start":{"line":55,"column":0},"end":{"line":55,"column":52}},"55":{"start":{"line":56,"column":0},"end":{"line":56,"column":7}},"56":{"start":{"line":57,"column":0},"end":{"line":57,"column":35}},"57":{"start":{"line":58,"column":0},"end":{"line":58,"column":19}},"58":{"start":{"line":59,"column":0},"end":{"line":59,"column":17}},"59":{"start":{"line":60,"column":0},"end":{"line":60,"column":77}},"60":{"start":{"line":61,"column":0},"end":{"line":61,"column":6}},"61":{"start":{"line":62,"column":0},"end":{"line":62,"column":3}},"62":{"start":{"line":63,"column":0},"end":{"line":63,"column":54}},"63":{"start":{"line":64,"column":0},"end":{"line":64,"column":1}}},"s":{"0":1,"1":1,"2":1,"3":1,"4":1,"5":1,"6":1,"7":1,"8":1,"9":1,"10":9,"11":9,"12":1,"13":1,"14":1,"15":1,"16":1,"17":1,"18":1,"19":1,"20":1,"21":1,"22":1,"23":1,"24":1,"25":1,"26":3,"27":3,"28":3,"29":3,"30":3,"31":3,"32":3,"33":6,"34":6,"35":6,"36":3,"37":3,"38":3,"39":1,"40":1,"41":1,"42":1,"43":1,"44":1,"45":1,"46":1,"47":1,"48":1,"49":11,"50":11,"51":11,"52":11,"53":11,"54":11,"55":11,"56":11,"57":11,"58":2,"59":2,"60":2,"61":2,"62":2,"63":2},"branchMap":{"0":{"type":"branch","line":10,"loc":{"start":{"line":10,"column":7},"end":{"line":12,"column":1}},"locations":[{"start":{"line":10,"column":7},"end":{"line":12,"column":1}}]},"1":{"type":"branch","line":26,"loc":{"start":{"line":26,"column":7},"end":{"line":39,"column":1}},"locations":[{"start":{"line":26,"column":7},"end":{"line":39,"column":1}}]},"2":{"type":"branch","line":33,"loc":{"start":{"line":33,"column":25},"end":{"line":36,"column":3}},"locations":[{"start":{"line":33,"column":25},"end":{"line":36,"column":3}}]},"3":{"type":"branch","line":35,"loc":{"start":{"line":35,"column":36},"end":{"line":35,"column":53}},"locations":[{"start":{"line":35,"column":36},"end":{"line":35,"column":53}}]},"4":{"type":"branch","line":49,"loc":{"start":{"line":49,"column":7},"end":{"line":64,"column":1}},"locations":[{"start":{"line":49,"column":7},"end":{"line":64,"column":1}}]},"5":{"type":"branch","line":58,"loc":{"start":{"line":58,"column":2},"end":{"line":64,"column":1}},"locations":[{"start":{"line":58,"column":2},"end":{"line":64,"column":1}}]}},"b":{"0":[9],"1":[3],"2":[6],"3":[1],"4":[11],"5":[2]},"fnMap":{"0":{"name":"assign","decl":{"start":{"line":10,"column":7},"end":{"line":12,"column":1}},"loc":{"start":{"line":10,"column":7},"end":{"line":12,"column":1}},"line":10},"1":{"name":"omit","decl":{"start":{"line":26,"column":7},"end":{"line":39,"column":1}},"loc":{"start":{"line":26,"column":7},"end":{"line":39,"column":1}},"line":26},"2":{"name":"clone","decl":{"start":{"line":49,"column":7},"end":{"line":64,"column":1}},"loc":{"start":{"line":49,"column":7},"end":{"line":64,"column":1}},"line":49}},"f":{"0":9,"1":3,"2":11}}
,"/Users/mangosetsuna/Workspace/Busymango/utils/src/parse.ts": {"path":"/Users/mangosetsuna/Workspace/Busymango/utils/src/parse.ts","all":false,"statementMap":{"0":{"start":{"line":1,"column":0},"end":{"line":1,"column":3}},"1":{"start":{"line":2,"column":0},"end":{"line":2,"column":89}},"2":{"start":{"line":3,"column":0},"end":{"line":3,"column":60}},"3":{"start":{"line":4,"column":0},"end":{"line":4,"column":56}},"4":{"start":{"line":5,"column":0},"end":{"line":5,"column":80}},"5":{"start":{"line":6,"column":0},"end":{"line":6,"column":3}},"6":{"start":{"line":7,"column":0},"end":{"line":7,"column":45}},"7":{"start":{"line":8,"column":0},"end":{"line":8,"column":16}},"8":{"start":{"line":9,"column":0},"end":{"line":9,"column":29}},"9":{"start":{"line":10,"column":0},"end":{"line":10,"column":3}},"10":{"start":{"line":11,"column":0},"end":{"line":11,"column":26}},"11":{"start":{"line":12,"column":0},"end":{"line":12,"column":9}},"12":{"start":{"line":13,"column":0},"end":{"line":13,"column":42}},"13":{"start":{"line":14,"column":0},"end":{"line":14,"column":13}},"14":{"start":{"line":15,"column":0},"end":{"line":15,"column":23}},"15":{"start":{"line":16,"column":0},"end":{"line":16,"column":5}},"16":{"start":{"line":17,"column":0},"end":{"line":17,"column":4}},"17":{"start":{"line":18,"column":0},"end":{"line":18,"column":1}},"18":{"start":{"line":19,"column":0},"end":{"line":19,"column":0}},"19":{"start":{"line":20,"column":0},"end":{"line":20,"column":3}},"20":{"start":{"line":21,"column":0},"end":{"line":21,"column":62}},"21":{"start":{"line":22,"column":0},"end":{"line":22,"column":3}},"22":{"start":{"line":23,"column":0},"end":{"line":23,"column":22}},"23":{"start":{"line":24,"column":0},"end":{"line":24,"column":5}},"24":{"start":{"line":25,"column":0},"end":{"line":25,"column":71}},"25":{"start":{"line":26,"column":0},"end":{"line":26,"column":71}},"26":{"start":{"line":27,"column":0},"end":{"line":27,"column":85}},"27":{"start":{"line":28,"column":0},"end":{"line":28,"column":5}},"28":{"start":{"line":29,"column":0},"end":{"line":29,"column":56}},"29":{"start":{"line":30,"column":0},"end":{"line":30,"column":58}},"30":{"start":{"line":31,"column":0},"end":{"line":31,"column":4}},"31":{"start":{"line":32,"column":0},"end":{"line":32,"column":2}}},"s":{"0":1,"1":1,"2":1,"3":1,"4":1,"5":1,"6":1,"7":4,"8":4,"9":4,"10":4,"11":4,"12":4,"13":4,"14":2,"15":2,"16":4,"17":4,"18":1,"19":1,"20":1,"21":1,"22":1,"23":1,"24":1,"25":1,"26":1,"27":1,"28":1,"29":2,"30":2,"31":1},"branchMap":{"0":{"type":"branch","line":7,"loc":{"start":{"line":7,"column":7},"end":{"line":18,"column":1}},"locations":[{"start":{"line":7,"column":7},"end":{"line":18,"column":1}}]},"1":{"type":"branch","line":11,"loc":{"start":{"line":11,"column":9},"end":{"line":17,"column":4}},"locations":[{"start":{"line":11,"column":9},"end":{"line":17,"column":4}}]},"2":{"type":"branch","line":14,"loc":{"start":{"line":14,"column":4},"end":{"line":16,"column":5}},"locations":[{"start":{"line":14,"column":4},"end":{"line":16,"column":5}}]},"3":{"type":"branch","line":29,"loc":{"start":{"line":29,"column":8},"end":{"line":31,"column":4}},"locations":[{"start":{"line":29,"column":8},"end":{"line":31,"column":4}}]}},"b":{"0":[4],"1":[4],"2":[2],"3":[2]},"fnMap":{"0":{"name":"safe","decl":{"start":{"line":7,"column":7},"end":{"line":18,"column":1}},"loc":{"start":{"line":7,"column":7},"end":{"line":18,"column":1}},"line":7},"1":{"name":"json","decl":{"start":{"line":29,"column":8},"end":{"line":31,"column":4}},"loc":{"start":{"line":29,"column":8},"end":{"line":31,"column":4}},"line":29}},"f":{"0":4,"1":2}}
,"/Users/mangosetsuna/Workspace/Busymango/utils/src/scope.ts": {"path":"/Users/mangosetsuna/Workspace/Busymango/utils/src/scope.ts","all":false,"statementMap":{"0":{"start":{"line":1,"column":0},"end":{"line":1,"column":30}},"1":{"start":{"line":2,"column":0},"end":{"line":2,"column":34}},"2":{"start":{"line":3,"column":0},"end":{"line":3,"column":37}},"3":{"start":{"line":4,"column":0},"end":{"line":4,"column":0}},"4":{"start":{"line":5,"column":0},"end":{"line":5,"column":38}},"5":{"start":{"line":6,"column":0},"end":{"line":6,"column":5}},"6":{"start":{"line":7,"column":0},"end":{"line":7,"column":85}},"7":{"start":{"line":8,"column":0},"end":{"line":8,"column":53}},"8":{"start":{"line":9,"column":0},"end":{"line":9,"column":34}},"9":{"start":{"line":10,"column":0},"end":{"line":10,"column":5}},"10":{"start":{"line":11,"column":0},"end":{"line":11,"column":64}},"11":{"start":{"line":12,"column":0},"end":{"line":12,"column":0}},"12":{"start":{"line":13,"column":0},"end":{"line":13,"column":5}},"13":{"start":{"line":14,"column":0},"end":{"line":14,"column":51}},"14":{"start":{"line":15,"column":0},"end":{"line":15,"column":51}},"15":{"start":{"line":16,"column":0},"end":{"line":16,"column":53}},"16":{"start":{"line":17,"column":0},"end":{"line":17,"column":60}},"17":{"start":{"line":18,"column":0},"end":{"line":18,"column":5}},"18":{"start":{"line":19,"column":0},"end":{"line":19,"column":45}},"19":{"start":{"line":20,"column":0},"end":{"line":20,"column":8}},"20":{"start":{"line":21,"column":0},"end":{"line":21,"column":55}},"21":{"start":{"line":22,"column":0},"end":{"line":22,"column":48}},"22":{"start":{"line":23,"column":0},"end":{"line":23,"column":6}},"23":{"start":{"line":24,"column":0},"end":{"line":24,"column":0}},"24":{"start":{"line":25,"column":0},"end":{"line":25,"column":5}},"25":{"start":{"line":26,"column":0},"end":{"line":26,"column":71}},"26":{"start":{"line":27,"column":0},"end":{"line":27,"column":46}},"27":{"start":{"line":28,"column":0},"end":{"line":28,"column":52}},"28":{"start":{"line":29,"column":0},"end":{"line":29,"column":99}},"29":{"start":{"line":30,"column":0},"end":{"line":30,"column":5}},"30":{"start":{"line":31,"column":0},"end":{"line":31,"column":50}},"31":{"start":{"line":32,"column":0},"end":{"line":32,"column":53}},"32":{"start":{"line":33,"column":0},"end":{"line":33,"column":1}}},"s":{"0":1,"1":1,"2":1,"3":1,"4":1,"5":1,"6":1,"7":1,"8":1,"9":1,"10":1,"11":1,"12":1,"13":1,"14":1,"15":1,"16":1,"17":1,"18":1,"19":5,"20":5,"21":5,"22":5,"23":1,"24":1,"25":1,"26":1,"27":1,"28":1,"29":1,"30":1,"31":2,"32":1},"branchMap":{"0":{"type":"branch","line":5,"loc":{"start":{"line":5,"column":7},"end":{"line":33,"column":1}},"locations":[{"start":{"line":5,"column":7},"end":{"line":33,"column":1}}]},"1":{"type":"branch","line":11,"loc":{"start":{"line":11,"column":19},"end":{"line":11,"column":64}},"locations":[{"start":{"line":11,"column":19},"end":{"line":11,"column":64}}]},"2":{"type":"branch","line":19,"loc":{"start":{"line":19,"column":19},"end":{"line":23,"column":6}},"locations":[{"start":{"line":19,"column":19},"end":{"line":23,"column":6}}]},"3":{"type":"branch","line":22,"loc":{"start":{"line":22,"column":6},"end":{"line":22,"column":48}},"locations":[{"start":{"line":22,"column":6},"end":{"line":22,"column":48}}]},"4":{"type":"branch","line":22,"loc":{"start":{"line":22,"column":30},"end":{"line":22,"column":48}},"locations":[{"start":{"line":22,"column":30},"end":{"line":22,"column":48}}]},"5":{"type":"branch","line":31,"loc":{"start":{"line":31,"column":21},"end":{"line":32,"column":53}},"locations":[{"start":{"line":31,"column":21},"end":{"line":32,"column":53}}]},"6":{"type":"branch","line":32,"loc":{"start":{"line":32,"column":16},"end":{"line":32,"column":51}},"locations":[{"start":{"line":32,"column":16},"end":{"line":32,"column":51}}]}},"b":{"0":[1],"1":[11],"2":[5],"3":[11],"4":[9],"5":[2],"6":[3]},"fnMap":{"0":{"name":"<instance_members_initializer>","decl":{"start":{"line":5,"column":7},"end":{"line":33,"column":1}},"loc":{"start":{"line":5,"column":7},"end":{"line":33,"column":1}},"line":5},"1":{"name":"convert","decl":{"start":{"line":11,"column":19},"end":{"line":11,"column":64}},"loc":{"start":{"line":11,"column":19},"end":{"line":11,"column":64}},"line":11},"2":{"name":"isMatch","decl":{"start":{"line":19,"column":19},"end":{"line":23,"column":6}},"loc":{"start":{"line":19,"column":19},"end":{"line":23,"column":6}},"line":19},"3":{"name":"isContain","decl":{"start":{"line":31,"column":21},"end":{"line":32,"column":53}},"loc":{"start":{"line":31,"column":21},"end":{"line":32,"column":53}},"line":31}},"f":{"0":1,"1":11,"2":5,"3":2}}
,"/Users/mangosetsuna/Workspace/Busymango/utils/src/string.ts": {"path":"/Users/mangosetsuna/Workspace/Busymango/utils/src/string.ts","all":false,"statementMap":{"0":{"start":{"line":1,"column":0},"end":{"line":1,"column":53}},"1":{"start":{"line":2,"column":0},"end":{"line":2,"column":0}},"2":{"start":{"line":3,"column":0},"end":{"line":3,"column":3}},"3":{"start":{"line":4,"column":0},"end":{"line":4,"column":44}},"4":{"start":{"line":5,"column":0},"end":{"line":5,"column":42}},"5":{"start":{"line":6,"column":0},"end":{"line":6,"column":63}},"6":{"start":{"line":7,"column":0},"end":{"line":7,"column":3}},"7":{"start":{"line":8,"column":0},"end":{"line":8,"column":72}},"8":{"start":{"line":9,"column":0},"end":{"line":9,"column":25}},"9":{"start":{"line":10,"column":0},"end":{"line":10,"column":63}},"10":{"start":{"line":11,"column":0},"end":{"line":11,"column":69}},"11":{"start":{"line":12,"column":0},"end":{"line":12,"column":1}},"12":{"start":{"line":13,"column":0},"end":{"line":13,"column":0}},"13":{"start":{"line":14,"column":0},"end":{"line":14,"column":3}},"14":{"start":{"line":15,"column":0},"end":{"line":15,"column":116}},"15":{"start":{"line":16,"column":0},"end":{"line":16,"column":39}},"16":{"start":{"line":17,"column":0},"end":{"line":17,"column":73}},"17":{"start":{"line":18,"column":0},"end":{"line":18,"column":81}},"18":{"start":{"line":19,"column":0},"end":{"line":19,"column":112}},"19":{"start":{"line":20,"column":0},"end":{"line":20,"column":91}},"20":{"start":{"line":21,"column":0},"end":{"line":21,"column":86}},"21":{"start":{"line":22,"column":0},"end":{"line":22,"column":3}},"22":{"start":{"line":23,"column":0},"end":{"line":23,"column":24}},"23":{"start":{"line":24,"column":0},"end":{"line":24,"column":17}},"24":{"start":{"line":25,"column":0},"end":{"line":25,"column":11}},"25":{"start":{"line":26,"column":0},"end":{"line":26,"column":17}},"26":{"start":{"line":27,"column":0},"end":{"line":27,"column":19}},"27":{"start":{"line":28,"column":0},"end":{"line":28,"column":25}},"28":{"start":{"line":29,"column":0},"end":{"line":29,"column":8}},"29":{"start":{"line":30,"column":0},"end":{"line":30,"column":11}},"30":{"start":{"line":31,"column":0},"end":{"line":31,"column":71}},"31":{"start":{"line":32,"column":0},"end":{"line":32,"column":0}},"32":{"start":{"line":33,"column":0},"end":{"line":33,"column":29}},"33":{"start":{"line":34,"column":0},"end":{"line":34,"column":32}},"34":{"start":{"line":35,"column":0},"end":{"line":35,"column":0}},"35":{"start":{"line":36,"column":0},"end":{"line":36,"column":39}},"36":{"start":{"line":37,"column":0},"end":{"line":37,"column":44}},"37":{"start":{"line":38,"column":0},"end":{"line":38,"column":59}},"38":{"start":{"line":39,"column":0},"end":{"line":39,"column":1}}},"s":{"0":1,"1":1,"2":1,"3":1,"4":1,"5":1,"6":1,"7":1,"8":4,"9":4,"10":3,"11":3,"12":1,"13":1,"14":1,"15":1,"16":1,"17":1,"18":1,"19":1,"20":1,"21":1,"22":1,"23":8,"24":8,"25":8,"26":8,"27":8,"28":8,"29":8,"30":8,"31":8,"32":8,"33":8,"34":7,"35":7,"36":7,"37":7,"38":7},"branchMap":{"0":{"type":"branch","line":8,"loc":{"start":{"line":8,"column":7},"end":{"line":12,"column":1}},"locations":[{"start":{"line":8,"column":7},"end":{"line":12,"column":1}}]},"1":{"type":"branch","line":10,"loc":{"start":{"line":10,"column":32},"end":{"line":10,"column":63}},"locations":[{"start":{"line":10,"column":32},"end":{"line":10,"column":63}}]},"2":{"type":"branch","line":10,"loc":{"start":{"line":10,"column":39},"end":{"line":12,"column":1}},"locations":[{"start":{"line":10,"column":39},"end":{"line":12,"column":1}}]},"3":{"type":"branch","line":23,"loc":{"start":{"line":23,"column":7},"end":{"line":39,"column":1}},"locations":[{"start":{"line":23,"column":7},"end":{"line":39,"column":1}}]},"4":{"type":"branch","line":34,"loc":{"start":{"line":34,"column":18},"end":{"line":34,"column":32}},"locations":[{"start":{"line":34,"column":18},"end":{"line":34,"column":32}}]},"5":{"type":"branch","line":34,"loc":{"start":{"line":34,"column":25},"end":{"line":39,"column":1}},"locations":[{"start":{"line":34,"column":25},"end":{"line":39,"column":1}}]}},"b":{"0":[4],"1":[1],"2":[3],"3":[8],"4":[1],"5":[7]},"fnMap":{"0":{"name":"capitalize","decl":{"start":{"line":8,"column":7},"end":{"line":12,"column":1}},"loc":{"start":{"line":8,"column":7},"end":{"line":12,"column":1}},"line":8},"1":{"name":"encrypt","decl":{"start":{"line":23,"column":7},"end":{"line":39,"column":1}},"loc":{"start":{"line":23,"column":7},"end":{"line":39,"column":1}},"line":23}},"f":{"0":4,"1":8}}
,"/Users/mangosetsuna/Workspace/Busymango/utils/src/tree.ts": {"path":"/Users/mangosetsuna/Workspace/Busymango/utils/src/tree.ts","all":false,"statementMap":{"0":{"start":{"line":1,"column":0},"end":{"line":1,"column":51}},"1":{"start":{"line":2,"column":0},"end":{"line":2,"column":0}},"2":{"start":{"line":3,"column":0},"end":{"line":3,"column":42}},"3":{"start":{"line":4,"column":0},"end":{"line":4,"column":0}},"4":{"start":{"line":5,"column":0},"end":{"line":5,"column":36}},"5":{"start":{"line":6,"column":0},"end":{"line":6,"column":0}},"6":{"start":{"line":7,"column":0},"end":{"line":7,"column":3}},"7":{"start":{"line":8,"column":0},"end":{"line":8,"column":55}},"8":{"start":{"line":9,"column":0},"end":{"line":9,"column":3}},"9":{"start":{"line":10,"column":0},"end":{"line":10,"column":25}},"10":{"start":{"line":11,"column":0},"end":{"line":11,"column":16}},"11":{"start":{"line":12,"column":0},"end":{"line":12,"column":44}},"12":{"start":{"line":13,"column":0},"end":{"line":13,"column":60}},"13":{"start":{"line":14,"column":0},"end":{"line":14,"column":2}},"14":{"start":{"line":15,"column":0},"end":{"line":15,"column":0}},"15":{"start":{"line":16,"column":0},"end":{"line":16,"column":3}},"16":{"start":{"line":17,"column":0},"end":{"line":17,"column":44}},"17":{"start":{"line":18,"column":0},"end":{"line":18,"column":3}},"18":{"start":{"line":19,"column":0},"end":{"line":19,"column":49}},"19":{"start":{"line":20,"column":0},"end":{"line":20,"column":30}},"20":{"start":{"line":21,"column":0},"end":{"line":21,"column":2}},"21":{"start":{"line":22,"column":0},"end":{"line":22,"column":0}},"22":{"start":{"line":23,"column":0},"end":{"line":23,"column":3}},"23":{"start":{"line":24,"column":0},"end":{"line":24,"column":46}},"24":{"start":{"line":25,"column":0},"end":{"line":25,"column":3}},"25":{"start":{"line":26,"column":0},"end":{"line":26,"column":14}},"26":{"start":{"line":27,"column":0},"end":{"line":27,"column":12}},"27":{"start":{"line":28,"column":0},"end":{"line":28,"column":19}},"28":{"start":{"line":29,"column":0},"end":{"line":29,"column":24}},"29":{"start":{"line":30,"column":0},"end":{"line":30,"column":2}},"30":{"start":{"line":31,"column":0},"end":{"line":31,"column":0}},"31":{"start":{"line":32,"column":0},"end":{"line":32,"column":3}},"32":{"start":{"line":33,"column":0},"end":{"line":33,"column":52}},"33":{"start":{"line":34,"column":0},"end":{"line":34,"column":45}},"34":{"start":{"line":35,"column":0},"end":{"line":35,"column":70}},"35":{"start":{"line":36,"column":0},"end":{"line":36,"column":41}},"36":{"start":{"line":37,"column":0},"end":{"line":37,"column":3}},"37":{"start":{"line":38,"column":0},"end":{"line":38,"column":28}},"38":{"start":{"line":39,"column":0},"end":{"line":39,"column":4}},"39":{"start":{"line":40,"column":0},"end":{"line":40,"column":54}},"40":{"start":{"line":41,"column":0},"end":{"line":41,"column":2}},"41":{"start":{"line":42,"column":0},"end":{"line":42,"column":14}},"42":{"start":{"line":43,"column":0},"end":{"line":43,"column":11}},"43":{"start":{"line":44,"column":0},"end":{"line":44,"column":29}},"44":{"start":{"line":45,"column":0},"end":{"line":45,"column":8}},"45":{"start":{"line":46,"column":0},"end":{"line":46,"column":3}},"46":{"start":{"line":47,"column":0},"end":{"line":47,"column":27}},"47":{"start":{"line":48,"column":0},"end":{"line":48,"column":0}},"48":{"start":{"line":49,"column":0},"end":{"line":49,"column":71}},"49":{"start":{"line":50,"column":0},"end":{"line":50,"column":26}},"50":{"start":{"line":51,"column":0},"end":{"line":51,"column":31}},"51":{"start":{"line":52,"column":0},"end":{"line":52,"column":4}},"52":{"start":{"line":53,"column":0},"end":{"line":53,"column":0}},"53":{"start":{"line":54,"column":0},"end":{"line":54,"column":41}},"54":{"start":{"line":55,"column":0},"end":{"line":55,"column":51}},"55":{"start":{"line":56,"column":0},"end":{"line":56,"column":67}},"56":{"start":{"line":57,"column":0},"end":{"line":57,"column":0}},"57":{"start":{"line":58,"column":0},"end":{"line":58,"column":63}},"58":{"start":{"line":59,"column":0},"end":{"line":59,"column":0}},"59":{"start":{"line":60,"column":0},"end":{"line":60,"column":51}},"60":{"start":{"line":61,"column":0},"end":{"line":61,"column":33}},"61":{"start":{"line":62,"column":0},"end":{"line":62,"column":0}},"62":{"start":{"line":63,"column":0},"end":{"line":63,"column":45}},"63":{"start":{"line":64,"column":0},"end":{"line":64,"column":0}},"64":{"start":{"line":65,"column":0},"end":{"line":65,"column":48}},"65":{"start":{"line":66,"column":0},"end":{"line":66,"column":0}},"66":{"start":{"line":67,"column":0},"end":{"line":67,"column":63}},"67":{"start":{"line":68,"column":0},"end":{"line":68,"column":34}},"68":{"start":{"line":69,"column":0},"end":{"line":69,"column":39}},"69":{"start":{"line":70,"column":0},"end":{"line":70,"column":63}},"70":{"start":{"line":71,"column":0},"end":{"line":71,"column":0}},"71":{"start":{"line":72,"column":0},"end":{"line":72,"column":40}},"72":{"start":{"line":73,"column":0},"end":{"line":73,"column":74}},"73":{"start":{"line":74,"column":0},"end":{"line":74,"column":0}},"74":{"start":{"line":75,"column":0},"end":{"line":75,"column":25}},"75":{"start":{"line":76,"column":0},"end":{"line":76,"column":0}},"76":{"start":{"line":77,"column":0},"end":{"line":77,"column":77}},"77":{"start":{"line":78,"column":0},"end":{"line":78,"column":26}},"78":{"start":{"line":79,"column":0},"end":{"line":79,"column":25}},"79":{"start":{"line":80,"column":0},"end":{"line":80,"column":15}},"80":{"start":{"line":81,"column":0},"end":{"line":81,"column":5}},"81":{"start":{"line":82,"column":0},"end":{"line":82,"column":0}},"82":{"start":{"line":83,"column":0},"end":{"line":83,"column":68}},"83":{"start":{"line":84,"column":0},"end":{"line":84,"column":37}},"84":{"start":{"line":85,"column":0},"end":{"line":85,"column":0}},"85":{"start":{"line":86,"column":0},"end":{"line":86,"column":24}},"86":{"start":{"line":87,"column":0},"end":{"line":87,"column":43}},"87":{"start":{"line":88,"column":0},"end":{"line":88,"column":0}},"88":{"start":{"line":89,"column":0},"end":{"line":89,"column":29}},"89":{"start":{"line":90,"column":0},"end":{"line":90,"column":38}},"90":{"start":{"line":91,"column":0},"end":{"line":91,"column":17}},"91":{"start":{"line":92,"column":0},"end":{"line":92,"column":7}},"92":{"start":{"line":93,"column":0},"end":{"line":93,"column":0}},"93":{"start":{"line":94,"column":0},"end":{"line":94,"column":30}},"94":{"start":{"line":95,"column":0},"end":{"line":95,"column":15}},"95":{"start":{"line":96,"column":0},"end":{"line":96,"column":5}},"96":{"start":{"line":97,"column":0},"end":{"line":97,"column":0}},"97":{"start":{"line":98,"column":0},"end":{"line":98,"column":36}},"98":{"start":{"line":99,"column":0},"end":{"line":99,"column":3}},"99":{"start":{"line":100,"column":0},"end":{"line":100,"column":0}},"100":{"start":{"line":101,"column":0},"end":{"line":101,"column":30}},"101":{"start":{"line":102,"column":0},"end":{"line":102,"column":15}},"102":{"start":{"line":103,"column":0},"end":{"line":103,"column":14}},"103":{"start":{"line":104,"column":0},"end":{"line":104,"column":0}},"104":{"start":{"line":105,"column":0},"end":{"line":105,"column":41}},"105":{"start":{"line":106,"column":0},"end":{"line":106,"column":14}},"106":{"start":{"line":107,"column":0},"end":{"line":107,"column":1}},"107":{"start":{"line":108,"column":0},"end":{"line":108,"column":0}},"108":{"start":{"line":109,"column":0},"end":{"line":109,"column":3}},"109":{"start":{"line":110,"column":0},"end":{"line":110,"column":49}},"110":{"start":{"line":111,"column":0},"end":{"line":111,"column":50}},"111":{"start":{"line":112,"column":0},"end":{"line":112,"column":65}},"112":{"start":{"line":113,"column":0},"end":{"line":113,"column":69}},"113":{"start":{"line":114,"column":0},"end":{"line":114,"column":3}},"114":{"start":{"line":115,"column":0},"end":{"line":115,"column":75}},"115":{"start":{"line":116,"column":0},"end":{"line":116,"column":25}},"116":{"start":{"line":117,"column":0},"end":{"line":117,"column":58}},"117":{"start":{"line":118,"column":0},"end":{"line":118,"column":11}},"118":{"start":{"line":119,"column":0},"end":{"line":119,"column":29}},"119":{"start":{"line":120,"column":0},"end":{"line":120,"column":8}},"120":{"start":{"line":121,"column":0},"end":{"line":121,"column":3}},"121":{"start":{"line":122,"column":0},"end":{"line":122,"column":27}},"122":{"start":{"line":123,"column":0},"end":{"line":123,"column":0}},"123":{"start":{"line":124,"column":0},"end":{"line":124,"column":36}},"124":{"start":{"line":125,"column":0},"end":{"line":125,"column":0}},"125":{"start":{"line":126,"column":0},"end":{"line":126,"column":56}},"126":{"start":{"line":127,"column":0},"end":{"line":127,"column":0}},"127":{"start":{"line":128,"column":0},"end":{"line":128,"column":63}},"128":{"start":{"line":129,"column":0},"end":{"line":129,"column":0}},"129":{"start":{"line":130,"column":0},"end":{"line":130,"column":18}},"130":{"start":{"line":131,"column":0},"end":{"line":131,"column":32}},"131":{"start":{"line":132,"column":0},"end":{"line":132,"column":16}},"132":{"start":{"line":133,"column":0},"end":{"line":133,"column":40}},"133":{"start":{"line":134,"column":0},"end":{"line":134,"column":51}},"134":{"start":{"line":135,"column":0},"end":{"line":135,"column":25}},"135":{"start":{"line":136,"column":0},"end":{"line":136,"column":12}},"136":{"start":{"line":137,"column":0},"end":{"line":137,"column":5}},"137":{"start":{"line":138,"column":0},"end":{"line":138,"column":3}},"138":{"start":{"line":139,"column":0},"end":{"line":139,"column":0}},"139":{"start":{"line":140,"column":0},"end":{"line":140,"column":8}},"140":{"start":{"line":141,"column":0},"end":{"line":141,"column":1}},"141":{"start":{"line":142,"column":0},"end":{"line":142,"column":0}},"142":{"start":{"line":143,"column":0},"end":{"line":143,"column":3}},"143":{"start":{"line":144,"column":0},"end":{"line":144,"column":52}},"144":{"start":{"line":145,"column":0},"end":{"line":145,"column":45}},"145":{"start":{"line":146,"column":0},"end":{"line":146,"column":70}},"146":{"start":{"line":147,"column":0},"end":{"line":147,"column":44}},"147":{"start":{"line":148,"column":0},"end":{"line":148,"column":3}},"148":{"start":{"line":149,"column":0},"end":{"line":149,"column":78}},"149":{"start":{"line":150,"column":0},"end":{"line":150,"column":25}},"150":{"start":{"line":151,"column":0},"end":{"line":151,"column":11}},"151":{"start":{"line":152,"column":0},"end":{"line":152,"column":29}},"152":{"start":{"line":153,"column":0},"end":{"line":153,"column":8}},"153":{"start":{"line":154,"column":0},"end":{"line":154,"column":3}},"154":{"start":{"line":155,"column":0},"end":{"line":155,"column":25}},"155":{"start":{"line":156,"column":0},"end":{"line":156,"column":0}},"156":{"start":{"line":157,"column":0},"end":{"line":157,"column":27}},"157":{"start":{"line":158,"column":0},"end":{"line":158,"column":0}},"158":{"start":{"line":159,"column":0},"end":{"line":159,"column":63}},"159":{"start":{"line":160,"column":0},"end":{"line":160,"column":0}},"160":{"start":{"line":161,"column":0},"end":{"line":161,"column":11}},"161":{"start":{"line":162,"column":0},"end":{"line":162,"column":9}},"162":{"start":{"line":163,"column":0},"end":{"line":163,"column":15}},"163":{"start":{"line":164,"column":0},"end":{"line":164,"column":56}},"164":{"start":{"line":165,"column":0},"end":{"line":165,"column":31}},"165":{"start":{"line":166,"column":0},"end":{"line":166,"column":6}},"166":{"start":{"line":167,"column":0},"end":{"line":167,"column":10}},"167":{"start":{"line":168,"column":0},"end":{"line":168,"column":4}},"168":{"start":{"line":169,"column":0},"end":{"line":169,"column":0}},"169":{"start":{"line":170,"column":0},"end":{"line":170,"column":16}},"170":{"start":{"line":171,"column":0},"end":{"line":171,"column":1}},"171":{"start":{"line":172,"column":0},"end":{"line":172,"column":0}},"172":{"start":{"line":173,"column":0},"end":{"line":173,"column":3}},"173":{"start":{"line":174,"column":0},"end":{"line":174,"column":59}},"174":{"start":{"line":175,"column":0},"end":{"line":175,"column":44}},"175":{"start":{"line":176,"column":0},"end":{"line":176,"column":68}},"176":{"start":{"line":177,"column":0},"end":{"line":177,"column":69}},"177":{"start":{"line":178,"column":0},"end":{"line":178,"column":40}},"178":{"start":{"line":179,"column":0},"end":{"line":179,"column":3}},"179":{"start":{"line":180,"column":0},"end":{"line":180,"column":77}},"180":{"start":{"line":181,"column":0},"end":{"line":181,"column":25}},"181":{"start":{"line":182,"column":0},"end":{"line":182,"column":71}},"182":{"start":{"line":183,"column":0},"end":{"line":183,"column":11}},"183":{"start":{"line":184,"column":0},"end":{"line":184,"column":29}},"184":{"start":{"line":185,"column":0},"end":{"line":185,"column":28}},"185":{"start":{"line":186,"column":0},"end":{"line":186,"column":8}},"186":{"start":{"line":187,"column":0},"end":{"line":187,"column":21}},"187":{"start":{"line":188,"column":0},"end":{"line":188,"column":35}},"188":{"start":{"line":189,"column":0},"end":{"line":189,"column":0}},"189":{"start":{"line":190,"column":0},"end":{"line":190,"column":63}},"190":{"start":{"line":191,"column":0},"end":{"line":191,"column":0}},"191":{"start":{"line":192,"column":0},"end":{"line":192,"column":13}},"192":{"start":{"line":193,"column":0},"end":{"line":193,"column":33}},"193":{"start":{"line":194,"column":0},"end":{"line":194,"column":23}},"194":{"start":{"line":195,"column":0},"end":{"line":195,"column":39}},"195":{"start":{"line":196,"column":0},"end":{"line":196,"column":53}},"196":{"start":{"line":197,"column":0},"end":{"line":197,"column":57}},"197":{"start":{"line":198,"column":0},"end":{"line":198,"column":16}},"198":{"start":{"line":199,"column":0},"end":{"line":199,"column":23}},"199":{"start":{"line":200,"column":0},"end":{"line":200,"column":11}},"200":{"start":{"line":201,"column":0},"end":{"line":201,"column":0}},"201":{"start":{"line":202,"column":0},"end":{"line":202,"column":55}},"202":{"start":{"line":203,"column":0},"end":{"line":203,"column":44}},"203":{"start":{"line":204,"column":0},"end":{"line":204,"column":7}},"204":{"start":{"line":205,"column":0},"end":{"line":205,"column":0}},"205":{"start":{"line":206,"column":0},"end":{"line":206,"column":37}},"206":{"start":{"line":207,"column":0},"end":{"line":207,"column":7}},"207":{"start":{"line":208,"column":0},"end":{"line":208,"column":1}}},"s":{"0":1,"1":1,"2":1,"3":1,"4":1,"5":1,"6":1,"7":1,"8":1,"9":1,"10":1,"11":1,"12":1,"13":1,"14":1,"15":1,"16":1,"17":1,"18":1,"19":1,"20":1,"21":1,"22":1,"23":1,"24":1,"25":1,"26":1,"27":1,"28":1,"29":1,"30":1,"31":1,"32":1,"33":1,"34":1,"35":1,"36":1,"37":1,"38":3,"39":3,"40":3,"41":3,"42":3,"43":3,"44":3,"45":3,"46":3,"47":3,"48":3,"49":3,"50":3,"51":3,"52":3,"53":3,"54":3,"55":3,"56":3,"57":3,"58":3,"59":3,"60":3,"61":3,"62":3,"63":3,"64":3,"65":3,"66":3,"67":3,"68":11,"69":11,"70":11,"71":11,"72":11,"73":11,"74":11,"75":11,"76":11,"77":11,"78":3,"79":3,"80":3,"81":8,"82":8,"83":8,"84":8,"85":11,"86":2,"87":2,"88":2,"89":1,"90":1,"91":1,"92":1,"93":1,"94":1,"95":1,"96":6,"97":6,"98":6,"99":3,"100":3,"101":3,"102":3,"103":3,"104":3,"105":3,"106":3,"107":1,"108":1,"109":1,"110":1,"111":1,"112":1,"113":1,"114":1,"115":3,"116":3,"117":3,"118":3,"119":3,"120":3,"121":3,"122":3,"123":3,"124":3,"125":3,"126":3,"127":3,"128":3,"129":3,"130":13,"131":13,"132":10,"133":10,"134":10,"135":10,"136":10,"137":13,"138":3,"139":3,"140":3,"141":1,"142":1,"143":1,"144":1,"145":1,"146":1,"147":1,"148":1,"149":2,"150":2,"151":2,"152":2,"153":2,"154":2,"155":2,"156":2,"157":2,"158":2,"159":2,"160":2,"161":2,"162":2,"163":6,"164":6,"165":6,"166":2,"167":2,"168":2,"169":2,"170":2,"171":1,"172":1,"173":1,"174":1,"175":1,"176":1,"177":1,"178":1,"179":1,"180":5,"181":5,"182":5,"183":5,"184":5,"185":5,"186":5,"187":5,"188":5,"189":5,"190":5,"191":5,"192":5,"193":5,"194":6,"195":6,"196":3,"197":3,"198":3,"199":3,"200":3,"201":3,"202":3,"203":3,"204":4,"205":4,"206":5,"207":5},"branchMap":{"0":{"type":"branch","line":38,"loc":{"start":{"line":38,"column":7},"end":{"line":107,"column":1}},"locations":[{"start":{"line":38,"column":7},"end":{"line":107,"column":1}}]},"1":{"type":"branch","line":55,"loc":{"start":{"line":55,"column":14},"end":{"line":55,"column":29}},"locations":[{"start":{"line":55,"column":14},"end":{"line":55,"column":29}}]},"2":{"type":"branch","line":55,"loc":{"start":{"line":55,"column":21},"end":{"line":55,"column":51}},"locations":[{"start":{"line":55,"column":21},"end":{"line":55,"column":51}}]},"3":{"type":"branch","line":56,"loc":{"start":{"line":56,"column":20},"end":{"line":56,"column":39}},"locations":[{"start":{"line":56,"column":20},"end":{"line":56,"column":39}}]},"4":{"type":"branch","line":56,"loc":{"start":{"line":56,"column":27},"end":{"line":56,"column":67}},"locations":[{"start":{"line":56,"column":27},"end":{"line":56,"column":67}}]},"5":{"type":"branch","line":58,"loc":{"start":{"line":58,"column":20},"end":{"line":58,"column":41}},"locations":[{"start":{"line":58,"column":20},"end":{"line":58,"column":41}}]},"6":{"type":"branch","line":68,"loc":{"start":{"line":68,"column":33},"end":{"line":99,"column":3}},"locations":[{"start":{"line":68,"column":33},"end":{"line":99,"column":3}}]},"7":{"type":"branch","line":72,"loc":{"start":{"line":72,"column":32},"end":{"line":72,"column":40}},"locations":[{"start":{"line":72,"column":32},"end":{"line":72,"column":40}}]},"8":{"type":"branch","line":78,"loc":{"start":{"line":78,"column":25},"end":{"line":81,"column":5}},"locations":[{"start":{"line":78,"column":25},"end":{"line":81,"column":5}}]},"9":{"type":"branch","line":81,"loc":{"start":{"line":81,"column":4},"end":{"line":86,"column":23}},"locations":[{"start":{"line":81,"column":4},"end":{"line":86,"column":23}}]},"10":{"type":"branch","line":86,"loc":{"start":{"line":86,"column":23},"end":{"line":96,"column":5}},"locations":[{"start":{"line":86,"column":23},"end":{"line":96,"column":5}}]},"11":{"type":"branch","line":89,"loc":{"start":{"line":89,"column":28},"end":{"line":96,"column":5}},"locations":[{"start":{"line":89,"column":28},"end":{"line":96,"column":5}}]},"12":{"type":"branch","line":96,"loc":{"start":{"line":96,"column":4},"end":{"line":99,"column":3}},"locations":[{"start":{"line":96,"column":4},"end":{"line":99,"column":3}}]},"13":{"type":"branch","line":115,"loc":{"start":{"line":115,"column":7},"end":{"line":141,"column":1}},"locations":[{"start":{"line":115,"column":7},"end":{"line":141,"column":1}}]},"14":{"type":"branch","line":128,"loc":{"start":{"line":128,"column":20},"end":{"line":128,"column":41}},"locations":[{"start":{"line":128,"column":20},"end":{"line":128,"column":41}}]},"15":{"type":"branch","line":128,"loc":{"start":{"line":128,"column":27},"end":{"line":128,"column":63}},"locations":[{"start":{"line":128,"column":27},"end":{"line":128,"column":63}}]},"16":{"type":"branch","line":126,"loc":{"start":{"line":126,"column":40},"end":{"line":126,"column":54}},"locations":[{"start":{"line":126,"column":40},"end":{"line":126,"column":54}}]},"17":{"type":"branch","line":130,"loc":{"start":{"line":130,"column":2},"end":{"line":138,"column":3}},"locations":[{"start":{"line":130,"column":2},"end":{"line":138,"column":3}}]},"18":{"type":"branch","line":132,"loc":{"start":{"line":132,"column":15},"end":{"line":137,"column":5}},"locations":[{"start":{"line":132,"column":15},"end":{"line":137,"column":5}}]},"19":{"type":"branch","line":134,"loc":{"start":{"line":134,"column":22},"end":{"line":134,"column":51}},"locations":[{"start":{"line":134,"column":22},"end":{"line":134,"column":51}}]},"20":{"type":"branch","line":149,"loc":{"start":{"line":149,"column":7},"end":{"line":171,"column":1}},"locations":[{"start":{"line":149,"column":7},"end":{"line":171,"column":1}}]},"21":{"type":"branch","line":159,"loc":{"start":{"line":159,"column":20},"end":{"line":159,"column":41}},"locations":[{"start":{"line":159,"column":20},"end":{"line":159,"column":41}}]},"22":{"type":"branch","line":159,"loc":{"start":{"line":159,"column":27},"end":{"line":159,"column":63}},"locations":[{"start":{"line":159,"column":27},"end":{"line":159,"column":63}}]},"23":{"type":"branch","line":163,"loc":{"start":{"line":163,"column":4},"end":{"line":166,"column":6}},"locations":[{"start":{"line":163,"column":4},"end":{"line":166,"column":6}}]},"24":{"type":"branch","line":180,"loc":{"start":{"line":180,"column":7},"end":{"line":208,"column":1}},"locations":[{"start":{"line":180,"column":7},"end":{"line":208,"column":1}}]},"25":{"type":"branch","line":190,"loc":{"start":{"line":190,"column":20},"end":{"line":190,"column":41}},"locations":[{"start":{"line":190,"column":20},"end":{"line":190,"column":41}}]},"26":{"type":"branch","line":190,"loc":{"start":{"line":190,"column":27},"end":{"line":190,"column":63}},"locations":[{"start":{"line":190,"column":27},"end":{"line":190,"column":63}}]},"27":{"type":"branch","line":193,"loc":{"start":{"line":193,"column":9},"end":{"line":193,"column":32}},"locations":[{"start":{"line":193,"column":9},"end":{"line":193,"column":32}}]},"28":{"type":"branch","line":194,"loc":{"start":{"line":194,"column":12},"end":{"line":207,"column":5}},"locations":[{"start":{"line":194,"column":12},"end":{"line":207,"column":5}}]},"29":{"type":"branch","line":196,"loc":{"start":{"line":196,"column":26},"end":{"line":196,"column":52}},"locations":[{"start":{"line":196,"column":26},"end":{"line":196,"column":52}}]},"30":{"type":"branch","line":196,"loc":{"start":{"line":196,"column":52},"end":{"line":204,"column":7}},"locations":[{"start":{"line":196,"column":52},"end":{"line":204,"column":7}}]},"31":{"type":"branch","line":203,"loc":{"start":{"line":203,"column":32},"end":{"line":203,"column":44}},"locations":[{"start":{"line":203,"column":32},"end":{"line":203,"column":44}}]},"32":{"type":"branch","line":204,"loc":{"start":{"line":204,"column":6},"end":{"line":206,"column":37}},"locations":[{"start":{"line":204,"column":6},"end":{"line":206,"column":37}}]}},"b":{"0":[3],"1":[1],"2":[2],"3":[1],"4":[2],"5":[1],"6":[11],"7":[10],"8":[3],"9":[8],"10":[2],"11":[1],"12":[6],"13":[3],"14":[2],"15":[1],"16":[3],"17":[13],"18":[10],"19":[5],"20":[2],"21":[1],"22":[1],"23":[6],"24":[5],"25":[3],"26":[2],"27":[6],"28":[6],"29":[3],"30":[3],"31":[2],"32":[4]},"fnMap":{"0":{"name":"source2tree","decl":{"start":{"line":38,"column":7},"end":{"line":107,"column":1}},"loc":{"start":{"line":38,"column":7},"end":{"line":107,"column":1}},"line":38},"1":{"name":"treeEach","decl":{"start":{"line":115,"column":7},"end":{"line":141,"column":1}},"loc":{"start":{"line":115,"column":7},"end":{"line":141,"column":1}},"line":115},"2":{"name":"run","decl":{"start":{"line":130,"column":2},"end":{"line":138,"column":3}},"loc":{"start":{"line":130,"column":2},"end":{"line":138,"column":3}},"line":130},"3":{"name":"tree2source","decl":{"start":{"line":149,"column":7},"end":{"line":171,"column":1}},"loc":{"start":{"line":149,"column":7},"end":{"line":171,"column":1}},"line":149},"4":{"name":"treeFilter","decl":{"start":{"line":180,"column":7},"end":{"line":208,"column":1}},"loc":{"start":{"line":180,"column":7},"end":{"line":208,"column":1}},"line":180}},"f":{"0":3,"1":3,"2":13,"3":2,"4":5}}
}
